Info: /cvmfs mounted; do 'setupATLAS -d -c ...' to skip default mounts.
Info: $HOME mounted; do 'setupATLAS -d -c ...' to skip default mounts.
------------------------------------------------------------------------------
Singularity: 2.6.1
From: /bin/singularity
ContainerType: atlas-default
singularity  exec  -C -e  -H /home/usatlas3/.alrb/container/singularity/home.rOqPRN:/alrb -B /cvmfs:/cvmfs -B /home:/home -B /home/tmp/atlas_ingRDsag/PanDA_Pilot-4837588829:/srv -B /home/condor/local/atlas/execute/dir_38736:/scratch /cvmfs/atlas.cern.ch/repo/containers/fs/singularity/x86_64-centos7 /alrb/.bashrc
------------------------------------------------------------------------------
[7mlsetup              [0m lsetup <tool1> [ <tool2> ...] (see lsetup -h):
[7m lsetup agis        [0m  ATLAS Grid Information System
[7m lsetup asetup      [0m  (or asetup) to setup an Athena release
[7m lsetup atlantis    [0m  Atlantis: event display
[7m lsetup eiclient    [0m  Event Index 
[7m lsetup emi         [0m  EMI: grid middleware user interface 
[7m lsetup ganga       [0m  Ganga: job definition and management client
[7m lsetup lcgenv      [0m  lcgenv: setup tools from cvmfs SFT repository
[7m lsetup panda       [0m  Panda: Production ANd Distributed Analysis
[7m lsetup pod         [0m  Proof-on-Demand (obsolete)
[7m lsetup pyami       [0m  pyAMI: ATLAS Metadata Interface python client
[7m lsetup root        [0m  ROOT data processing framework
[7m lsetup rucio       [0m  distributed data management system client
[7m lsetup views       [0m  Set up a full LCG release
[7m lsetup xcache      [0m  XRootD local proxy cache
[7m lsetup xrootd      [0m  XRootD data access
[7madvancedTools       [0m advanced tools menu
[7mdiagnostics         [0m diagnostic tools menu
[7mhelpMe              [0m more help
[7mprintMenu           [0m show this menu
[7mshowVersions        [0m show versions of installed software

 sourcing /srv/my_release_setup.sh 
AtlasSetup(WARNING): Deprecased tag "notest" ignored in cmake releases
Using AnalysisBase/21.2.97 [cmake] with platform x86_64-centos7-gcc8-opt
	at /cvmfs/atlas.cern.ch/repo/sw/software/21.2
=== start ===
Wed Sep  9 13:32:54 2020
=== parameters ===
('libraries', 'panda.0909172444.648414.lib._22563009.22149914660.lib.tgz')
('runDir', '.')
('jobParams', './build/x*/bin/SampleMaker %IN')
('inputFiles', ['AOD.15946275._000001.pool.root.1', 'AOD.15946275._000002.pool.root.1'])
('scriptName', '')
('outputFiles', {})
('inputGUIDs', [])
('oldPrefix', '')
('newPrefix', '')
('directIn', True)
('usePFCTurl', True)
('lfcHost', '')
('debugFlag', False)
('liveLog', '')
('sourceURL', 'https://aipanda047.cern.ch:25443')
('inMap', {})
('useAthenaPackages', False)
('archiveJobO', '')
('dbrFile', '')
('dbrRun', -1)
('notExpandDBR', False)
('skipInputByRetry', [])
('writeInputToTxt', '')
('rootVer', '')
('useRootCore', False)
('givenPFN', False)
('useMana', False)
('manaVer', '')
('useCMake', True)
('preprocess', False)
('postprocess', False)
===================
--- Running in /srv ---
===== PFC from pilot =====
<?xml version="1.0" ?>
<!DOCTYPE POOLFILECATALOG SYSTEM "InMemory">
<POOLFILECATALOG>
  <File ID="2B8CC26A-EB26-4031-B240-B329A87A2A86">
    <physical>
      <pfn filetype="ROOT_All" name="panda.0909172444.648414.lib._22563009.22149914660.lib.tgz"/>
    </physical>
    <logical/>
  </File>
  <File ID="11BAF608-E3A9-2448-929D-C55AB77F5BD7">
    <physical>
      <pfn filetype="ROOT_All" name="root://dcgftp.usatlas.bnl.gov:1096//pnfs/usatlas.bnl.gov/BNLT0D1/rucio/mc16_13TeV/31/f0/AOD.15946275._000001.pool.root.1"/>
    </physical>
    <logical/>
  </File>
  <File ID="ED59412A-5048-1C4C-BF44-179ABEE2A7DC">
    <physical>
      <pfn filetype="ROOT_All" name="root://dcgftp.usatlas.bnl.gov:1096//pnfs/usatlas.bnl.gov/BNLT0D1/rucio/mc16_13TeV/3f/8f/AOD.15946275._000002.pool.root.1"/>
    </physical>
    <logical/>
  </File>
</POOLFILECATALOG>


===== inputFiles with inMap =====
('inputFiles', ['AOD.15946275._000001.pool.root.1', 'AOD.15946275._000002.pool.root.1'])

===== GUIDs and TURLs in PFC =====
{'2B8CC26A-EB26-4031-B240-B329A87A2A86': 'panda.0909172444.648414.lib._22563009.22149914660.lib.tgz', '11BAF608-E3A9-2448-929D-C55AB77F5BD7': 'root://dcgftp.usatlas.bnl.gov:1096//pnfs/usatlas.bnl.gov/BNLT0D1/rucio/mc16_13TeV/31/f0/AOD.15946275._000001.pool.root.1', 'ED59412A-5048-1C4C-BF44-179ABEE2A7DC': 'root://dcgftp.usatlas.bnl.gov:1096//pnfs/usatlas.bnl.gov/BNLT0D1/rucio/mc16_13TeV/3f/8f/AOD.15946275._000002.pool.root.1'}
CMakeLists.txt
build/
build/NightlyBuild.cmake
build/ExperimentalBuild.cmake
build/README.txt
build/cpack_install.sh
build/CMakeFiles/
build/CMakeFiles/progress.marks
build/CMakeFiles/atlas_tests.dir/
build/CMakeFiles/atlas_tests.dir/cmake_clean.cmake
build/CMakeFiles/atlas_tests.dir/depend.internal
build/CMakeFiles/atlas_tests.dir/build.make
build/CMakeFiles/atlas_tests.dir/progress.make
build/CMakeFiles/atlas_tests.dir/depend.make
build/CMakeFiles/atlas_tests.dir/DependInfo.cmake
build/CMakeFiles/CMakeError.log
build/CMakeFiles/SampleMakerExeAttribSet.dir/
build/CMakeFiles/SampleMakerExeAttribSet.dir/cmake_clean.cmake
build/CMakeFiles/SampleMakerExeAttribSet.dir/depend.internal
build/CMakeFiles/SampleMakerExeAttribSet.dir/Labels.json
build/CMakeFiles/SampleMakerExeAttribSet.dir/build.make
build/CMakeFiles/SampleMakerExeAttribSet.dir/progress.make
build/CMakeFiles/SampleMakerExeAttribSet.dir/Labels.txt
build/CMakeFiles/SampleMakerExeAttribSet.dir/depend.make
build/CMakeFiles/SampleMakerExeAttribSet.dir/DependInfo.cmake
build/CMakeFiles/3.14.3/
build/CMakeFiles/3.14.3/CMakeDetermineCompilerABI_C.bin
build/CMakeFiles/3.14.3/CMakeCCompiler.cmake
build/CMakeFiles/3.14.3/CompilerIdC/
build/CMakeFiles/3.14.3/CompilerIdC/a.out
build/CMakeFiles/3.14.3/CompilerIdC/CMakeCCompilerId.c
build/CMakeFiles/3.14.3/CompilerIdC/tmp/
build/CMakeFiles/3.14.3/CMakeDetermineCompilerABI_CXX.bin
build/CMakeFiles/3.14.3/CMakeCXXCompiler.cmake
build/CMakeFiles/3.14.3/CompilerIdCXX/
build/CMakeFiles/3.14.3/CompilerIdCXX/a.out
build/CMakeFiles/3.14.3/CompilerIdCXX/CMakeCXXCompilerId.cpp
build/CMakeFiles/3.14.3/CompilerIdCXX/tmp/
build/CMakeFiles/3.14.3/CMakeSystem.cmake
build/CMakeFiles/CMakeDirectoryInformation.cmake
build/CMakeFiles/CMakeRuleHashes.txt
build/CMakeFiles/TargetDirectories.txt
build/CMakeFiles/ATLAS_PACKAGES_TARGET.dir/
build/CMakeFiles/ATLAS_PACKAGES_TARGET.dir/cmake_clean.cmake
build/CMakeFiles/ATLAS_PACKAGES_TARGET.dir/build.make
build/CMakeFiles/ATLAS_PACKAGES_TARGET.dir/progress.make
build/CMakeFiles/ATLAS_PACKAGES_TARGET.dir/DependInfo.cmake
build/CMakeFiles/feature_tests.cxx
build/CMakeFiles/Package_RNNSampleMaker_tests.dir/
build/CMakeFiles/Package_RNNSampleMaker_tests.dir/cmake_clean.cmake
build/CMakeFiles/Package_RNNSampleMaker_tests.dir/depend.internal
build/CMakeFiles/Package_RNNSampleMaker_tests.dir/build.make
build/CMakeFiles/Package_RNNSampleMaker_tests.dir/progress.make
build/CMakeFiles/Package_RNNSampleMaker_tests.dir/depend.make
build/CMakeFiles/Package_RNNSampleMaker_tests.dir/DependInfo.cmake
build/CMakeFiles/Makefile.cmake
build/CMakeFiles/CMakeOutput.log
build/CMakeFiles/Makefile2
build/CMakeFiles/feature_tests.c
build/CMakeFiles/SampleMaker.dir/
build/CMakeFiles/SampleMaker.dir/link.txt
build/CMakeFiles/SampleMaker.dir/cmake_clean.cmake
build/CMakeFiles/SampleMaker.dir/depend.internal
build/CMakeFiles/SampleMaker.dir/Labels.json
build/CMakeFiles/SampleMaker.dir/build.make
build/CMakeFiles/SampleMaker.dir/progress.make
build/CMakeFiles/SampleMaker.dir/flags.make
build/CMakeFiles/SampleMaker.dir/Labels.txt
build/CMakeFiles/SampleMaker.dir/CXX.includecache
build/CMakeFiles/SampleMaker.dir/depend.make
build/CMakeFiles/SampleMaker.dir/DependInfo.cmake
build/CMakeFiles/feature_tests.bin
build/CMakeFiles/cmake.check_cache
build/CMakeFiles/hdf5/
build/CMakeFiles/hdf5/cmake_hdf5_test.cxx
build/CMakeFiles/hdf5/CMakeFiles/
build/CMakeFiles/hdf5/CMakeFiles/CMakeTmp/
build/CMakeFiles/hdf5/cmake_hdf5_test.c
build/CMakeFiles/cpack_dbg_install.sh
build/CMakeFiles/Package_RNNSampleMaker.dir/
build/CMakeFiles/Package_RNNSampleMaker.dir/cmake_clean.cmake
build/CMakeFiles/Package_RNNSampleMaker.dir/depend.internal
build/CMakeFiles/Package_RNNSampleMaker.dir/build.make
build/CMakeFiles/Package_RNNSampleMaker.dir/progress.make
build/CMakeFiles/Package_RNNSampleMaker.dir/depend.make
build/CMakeFiles/Package_RNNSampleMaker.dir/DependInfo.cmake
build/CMakeFiles/CMakeTmp/
build/cmake_install.cmake
build/WorkDirConfig-version.cmake
build/CPackDbgRPMConfig.cmake
build/CMakeDoxyfile.in
build/CTestCustom.cmake
build/atlas_build_run.sh
build/CPackSourceConfig.cmake
build/CPackOptions.cmake
build/CMakeDoxygenDefaults.cmake
build/CPackConfig.cmake
build/WorkDirConfig.cmake
build/Project.xml
build/Makefile
build/x86_64-centos7-gcc8-opt/
build/x86_64-centos7-gcc8-opt/ClientCMakeLists.txt
build/x86_64-centos7-gcc8-opt/bin/
build/x86_64-centos7-gcc8-opt/bin/SampleMaker.exe
build/x86_64-centos7-gcc8-opt/bin/SampleMaker
build/x86_64-centos7-gcc8-opt/setup.sh
build/x86_64-centos7-gcc8-opt/ReleaseData
build/x86_64-centos7-gcc8-opt/packages.txt
build/x86_64-centos7-gcc8-opt/compilers.txt
build/CMakeCache.txt
compile.sh
setup_env.sh
src/
src/TagAndProbe/
src/TagAndProbe/ObjectFilters.cxx_Anil
src/TagAndProbe/SampleMaker.cxx_Anil
src/BackupCode/
src/BackupCode/PtConeAndEtConeValidationCode.cxx_backup
src/ObjectFilters.cxx
src/TagProbeTest.cxx
src/SampleMaker.cxx
submit-to-grid.sh
submit-to-grid2.sh
user.cfan/
user.cfan.RNN.2020-09-04-22-02.log
user.cfan.RNN.2020-09-04-22-03.log
user.cfan.RNN.2020-09-04-22-03.log.328261266/
user.cfan.RNN.2020-09-04-22-03.log.328261266/user.cfan.RNN.2020-09-04-22-03.log.22529233.000001.log.tgz
user.cfan.RNN.2020-09-04-22-03.log.328261266/tarball_PandaJob_4832730856_BNL/
user.cfan.RNN.2020-09-04-22-03.log.328261266/tarball_PandaJob_4832730856_BNL/pandatracerlog.txt
user.cfan.RNN.2020-09-04-22-03.log.328261266/tarball_PandaJob_4832730856_BNL/pilotlog.txt
user.cfan.RNN.2020-09-04-22-03.log.328261266/tarball_PandaJob_4832730856_BNL/memory_monitor_summary.json
user.cfan.RNN.2020-09-04-22-03.log.328261266/tarball_PandaJob_4832730856_BNL/payload.stderr
user.cfan.RNN.2020-09-04-22-03.log.328261266/tarball_PandaJob_4832730856_BNL/src/
user.cfan.RNN.2020-09-04-22-03.log.328261266/tarball_PandaJob_4832730856_BNL/container_script.sh
user.cfan.RNN.2020-09-04-22-03.log.328261266/tarball_PandaJob_4832730856_BNL/payload.stdout
user.cfan.RNN.2020-09-04-22-03.log.328261266/tarball_PandaJob_4832730856_BNL/pandawnutil/
user.cfan.RNN.2020-09-04-22-03.log.328261266/tarball_PandaJob_4832730856_BNL/my_release_setup.sh
user.cfan.RNN.2020-09-04-22-03.log.328261266/tarball_PandaJob_4832730856_BNL/memory_monitor_output.txt
user.cfan.RNN.2020-09-04-22-03.log.328261266/tarball_PandaJob_4832730856_BNL/PoolFileCatalog.xml
user.cfan.RNN.2020-09-04-22-03.log.328261266/user.cfan.RNN.2020-09-04-22-03.log.22529233.000003.log.tgz
user.cfan.RNN.2020-09-04-22-03.log.328261266/user.cfan.RNN.2020-09-04-22-03.log.22529233.000002.log.tgz
user.cfan.RNN.2020-09-04-22-05.log
user.cfan.RNN.2020-09-09-01-56.log
user.cfan.RNN.2020-09-09-18-13.log
user.cfan.RNN.2020-09-09-19-23.log
user.cfan.RNN.410470.2020-08-25-21-36.log.326686849/

===== make PandaTracer =====
  m64 succeeded
  m32 is not supported
Log location -> /srv/workDir/485f0917-d8e8-4ea6-818a-46f71e07fa36/pandatracerlog.txt

=== dump ./.rootrc ===
ProofLite.Workers: 1


=== check input files ===
=== New inputFiles ===
['root://dcgftp.usatlas.bnl.gov:1096//pnfs/usatlas.bnl.gov/BNLT0D1/rucio/mc16_13TeV/31/f0/AOD.15946275._000001.pool.root.1', 'root://dcgftp.usatlas.bnl.gov:1096//pnfs/usatlas.bnl.gov/BNLT0D1/rucio/mc16_13TeV/3f/8f/AOD.15946275._000002.pool.root.1']

=== env variables ===
PILOT_USER=ATLAS
ATLAS_LOCAL_ACM_VERSION=0.1.20
AtlasSetupSite=/cvmfs/atlas.cern.ch/repo/ATLASLocalRootBase/x86_64/AtlasSetup/.config/.asetup.site
MANPATH=/cvmfs/atlas.cern.ch/repo/sw/software/21.2/sw/lcg/releases/gcc/8.3.0-cebb0/x86_64-centos7/share/man:/cvmfs/atlas.cern.ch/repo/sw/software/21.2/sw/lcg/releases/binutils/2.30-e5b21/x86_64-centos7/share/man:/usr/local/share/man:/usr/share/man
HEP_OSLIBS_VER=7.2.12-2.el7.cern
ASG_TEST_FILE_MC_AFII=/cvmfs/atlas-nightlies.cern.ch/repo/data/data-art/CommonInputs/DAOD_PHYSVAL/valid1.410000.PowhegPythiaEvtGen_P2012_ttbar_hdamp172p5_nonallhad.DAOD_PHYSVAL.e4993_s3189_r9524_AthDerivation-21.2.1.0.root
ALRB_cvmfs_CDB=/cvmfs/atlas-condb.cern.ch/repo/conditions
ATLAS_LOCAL_ROOT_PACOPT=
ALRB_CONT_SED2HOST= -e 's|/alrb|/home/usatlas3/.alrb/container/singularity/home.rOqPRN|g' -e 's|/srv|/home/tmp/atlas_ingRDsag/PanDA_Pilot-4837588829|g' -e 's|/scratch|/home/condor/local/atlas/execute/dir_38736|g'
ROOT_INCLUDE_PATH=/cvmfs/atlas.cern.ch/repo/sw/software/21.2/AnalysisBase/21.2.97/InstallArea/x86_64-centos7-gcc8-opt/include:/cvmfs/atlas.cern.ch/repo/sw/software/21.2/AnalysisBaseExternals/21.2.97/InstallArea/x86_64-centos7-gcc8-opt/include:/cvmfs/atlas.cern.ch/repo/sw/software/21.2/AnalysisBaseExternals/21.2.97/InstallArea/x86_64-centos7-gcc8-opt/include/libxml2:/cvmfs/atlas.cern.ch/repo/sw/software/21.2/AnalysisBaseExternals/21.2.97/InstallArea/x86_64-centos7-gcc8-opt/include/eigen3
AnalysisBaseExternals_VERSION=21.2.97
ALRB_testPath=,,,,,,,,
MAKEFLAGS=-j1 QUICK=1 -l1
TMPDIR=/srv
ALRB_SHELL=bash
LHAPATH=/cvmfs/atlas.cern.ch/repo/sw/software/21.2/AnalysisBase/21.2.97/InstallArea/x86_64-centos7-gcc8-opt/../../../../AnalysisBaseExternals/21.2.97/InstallArea/x86_64-centos7-gcc8-opt/share/LHAPDF:/cvmfs/sft.cern.ch/lcg/external/lhapdfsets/current
ALRB_CONT_STARTCMD=singularity  exec  -C -e  -H /home/usatlas3/.alrb/container/singularity/home.rOqPRN:/alrb -B /cvmfs:/cvmfs -B /home:/home -B /home/tmp/atlas_ingRDsag/PanDA_Pilot-4837588829:/srv -B /home/condor/local/atlas/execute/dir_38736:/scratch /cvmfs/atlas.cern.ch/repo/containers/fs/singularity/x86_64-centos7 /alrb/.bashrc
LD_PRELOAD=/srv/workDir/485f0917-d8e8-4ea6-818a-46f71e07fa36/$LIB/wrapper.so
LHAPDF_DATA_PATH=/cvmfs/atlas.cern.ch/repo/sw/software/21.2/AnalysisBase/21.2.97/InstallArea/x86_64-centos7-gcc8-opt/../../../../AnalysisBaseExternals/21.2.97/InstallArea/x86_64-centos7-gcc8-opt/share/LHAPDF:/cvmfs/sft.cern.ch/lcg/external/lhapdfsets/current
ALRB_CONT_SWTYPE=singularity
ALRB_clientShell=bash
ALRB_CONT_SETUPATLASOPT=centos7
ATLAS_LOCAL_SETUP_OPTIONS=
AtlasReleaseType=stable
AtlasProject=AnalysisBase
ALRB_useGridSW=emi
X509_CERT_DIR=/cvmfs/atlas.cern.ch/repo/ATLASLocalRootBase/etc/grid-security-emi/certificates
SITEROOT=/cvmfs/atlas.cern.ch/repo/sw/software/21.2
AtlasArea=/cvmfs/atlas.cern.ch/repo/sw/software/21.2/AnalysisBase/21.2.97
AtlasSetupStatus=0
ROOT_TTREECACHE_SIZE=1
ALRB_CONT_CONDUCT=,,
VIEWSDIR=/cvmfs/sft.cern.ch/lcg/views
LC_ALL=C
UMD_REL_VER=4.1.3-1.el7.centos
ALRB_SFT_LCG=/cvmfs/sft.cern.ch/lcg
TDAQ_RELEASE_BASE=/cvmfs/atlas.cern.ch/repo/sw/software/21.2
CALIBPATH=/cvmfs/atlas.cern.ch/repo/sw/software/21.2/AnalysisBase/21.2.97/InstallArea/x86_64-centos7-gcc8-opt/data:/cvmfs/atlas.cern.ch/repo/sw/software/21.2/AnalysisBase/21.2.97/InstallArea/x86_64-centos7-gcc8-opt/share:/cvmfs/atlas.cern.ch/repo/sw/software/21.2/AnalysisBaseExternals/21.2.97/InstallArea/x86_64-centos7-gcc8-opt/data:/cvmfs/atlas.cern.ch/repo/sw/software/21.2/AnalysisBaseExternals/21.2.97/InstallArea/x86_64-centos7-gcc8-opt/share:/sw/DbData/GroupData:/cvmfs/atlas.cern.ch/repo/sw/database/GroupData:/eos/atlas/atlascerngroupdisk/asg-calib:/afs/cern.ch/atlas/www/GROUPS/DATABASE/GroupData:http//cern.ch/atlas-groupdata:http//atlas.web.cern.ch/Atlas/GROUPS/DATABASE/GroupData
JOBOPTSEARCHPATH=.:/cvmfs/atlas.cern.ch/repo/sw/software/21.2/AnalysisBase/21.2.97/InstallArea/x86_64-centos7-gcc8-opt/jobOptions:/cvmfs/atlas.cern.ch/repo/sw/software/21.2/AnalysisBaseExternals/21.2.97/InstallArea/x86_64-centos7-gcc8-opt/jobOptions
PanDA_AttemptNr=1
LD_LIBRARY_PATH=/cvmfs/atlas.cern.ch/repo/sw/software/21.2/AnalysisBase/21.2.97/InstallArea/x86_64-centos7-gcc8-opt/lib:/cvmfs/atlas.cern.ch/repo/sw/software/21.2/AnalysisBaseExternals/21.2.97/InstallArea/x86_64-centos7-gcc8-opt/lib:/cvmfs/atlas.cern.ch/repo/sw/software/21.2/AnalysisBaseExternals/21.2.97/InstallArea/x86_64-centos7-gcc8-opt/lib64:/cvmfs/atlas.cern.ch/repo/sw/software/21.2/sw/lcg/releases/gcc/8.3.0-cebb0/x86_64-centos7/lib:/cvmfs/atlas.cern.ch/repo/sw/software/21.2/sw/lcg/releases/gcc/8.3.0-cebb0/x86_64-centos7/lib64:/cvmfs/atlas.cern.ch/repo/sw/software/21.2/sw/lcg/releases/binutils/2.30-e5b21/x86_64-centos7/lib:/.singularity.d/libs
ALRB_CONT_RUNPAYLOAD=/srv/container_script.sh
CMTCONFIG=x86_64-centos7-gcc8-opt
ALRB_RHVER=7
ROOTCORE_TEST_DATA=/cvmfs/atlas-nightlies.cern.ch/repo/data/data-art/CommonInputs/DAOD_PHYSVAL
ATLAS_LOCAL_ROOT_BASE=/cvmfs/atlas.cern.ch/repo/ATLASLocalRootBase
ALRB_SCRATCH=/home/usatlas3/.alrb
ASETUP_PPID=2
AnalysisBase_VERSION=21.2.97
SINGULARITY_NAME=centos7-20200331154445-ef4785a817769a6cef01327f5f0a1b94b839627cd2153fcacf98e897a4111614
ENV=/alrb/.bashrc
ALRB_printHelpMain=
GFORTRAN_TMPDIR=/srv
CMTUSERCONTEXT=/cvmfs/atlas.cern.ch/repo/tools/slc6/cmt
CMAKE_NO_VERBOSE=1
ALRB_cvmfs_Athena=/cvmfs/atlas.cern.ch/repo/sw/software
ALRB_CONT_REALHOME=/home/usatlas3
AtlasSetup=/cvmfs/atlas.cern.ch/repo/ATLASLocalRootBase/x86_64/AtlasSetup/V02-00-14/AtlasSetup
FRONTIER_ID=[22563009_4837588829]
ATLAS_LOCAL_RCSETUP_VERSION=00-04-18
ATLAS_LOCAL_ASETUP_PATH=/cvmfs/atlas.cern.ch/repo/ATLASLocalRootBase/x86_64/AtlasSetup/V02-00-14
FRONTIER_LOG_LEVEL=warning
ALRB_CONT_IMAGE=singularity 2.6.1 /cvmfs/atlas.cern.ch/repo/containers/fs/singularity/x86_64-centos7
ALRB_RELOCATECVMFS=NO
ALRB_availableTools= acm adctools agis art asetup atlantis boost cmake cppcheck davix dcube eiclient emi fax fftw ganga gcc gccxml git gitlab gsl hdf5 lcgenv pacman panda png pod prmon pyami python rcsetup root rucio sft swmgr tbb views xcache xrootd
PATH=.:/scratch/.asetup-sysbin-Y5Q9sp_2:/cvmfs/atlas.cern.ch/repo/sw/software/21.2/AnalysisBase/21.2.97/InstallArea/x86_64-centos7-gcc8-opt/share:/cvmfs/atlas.cern.ch/repo/sw/software/21.2/AnalysisBase/21.2.97/InstallArea/x86_64-centos7-gcc8-opt/bin:/cvmfs/atlas.cern.ch/repo/sw/software/21.2/AnalysisBaseExternals/21.2.97/InstallArea/x86_64-centos7-gcc8-opt/share:/cvmfs/atlas.cern.ch/repo/sw/software/21.2/AnalysisBaseExternals/21.2.97/InstallArea/x86_64-centos7-gcc8-opt/bin:/cvmfs/atlas.cern.ch/repo/ATLASLocalRootBase/x86_64/Cmake/3.14.3/Linux-x86_64/bin:/cvmfs/atlas.cern.ch/repo/sw/software/21.2/sw/lcg/releases/gcc/8.3.0-cebb0/x86_64-centos7/bin:/cvmfs/atlas.cern.ch/repo/sw/software/21.2/sw/lcg/releases/binutils/2.30-e5b21/x86_64-centos7/bin:/usr/local/sbin:/usr/local/bin:/usr/sbin:/usr/bin:/sbin:/bin:/cvmfs/atlas.cern.ch/repo/ATLASLocalRootBase/containerUtils
ALRB_CONT_REALTMPDIR=/scratch
ASETUP_SYSBIN=/scratch/.asetup-sysbin-Y5Q9sp_2
ROOTCORE_RELEASE_SERIES=25
CDATE_DOCKER=20200109173804
ALRB_OSMAJORVER=7
ALRB_infoProc=model name	: Intel(R) Xeon(R) CPU E5-2660 v3 @ 2.60GHz
AtlasSetupSiteCMake=/cvmfs/atlas.cern.ch/repo/ATLASLocalRootBase/x86_64/AtlasSetup/.configCMake/.asetup.site
ALRB_cvmfs_condb_repo=/cvmfs/atlas-condb.cern.ch/repo
ALRB_OSTYPE=Linux
PWD=/srv/workDir
ALRB_CONT_CMDOPTS= -C
PANDA_PRELOAD=/srv/workDir/485f0917-d8e8-4ea6-818a-46f71e07fa36/$LIB/wrapper.so
ALRB_CONT_SETUPFILE=/srv/my_release_setup.sh
AtlasVersion=21.2.97
LANG=C
ALRB_CONT_HOSTDUMMYHOME=/home/usatlas3/.alrb/container/singularity/home.rOqPRN
ALRB_cvmfs_nightly_repo=/cvmfs/atlas-nightlies.cern.ch/repo
ALRB_allowSL6onSL5=NO
ALRB_tmpScratch=/scratch/usatlas3/.alrb
ALRB_requestedVersions=cmake:3.14.3  rcsetup:00-04-18  acm:0.1.20 asetup:V02-00-14  
ATLAS_LOCAL_ASETUP_VERSION=V02-00-14
ROOTCORE_TEST_FILE=/cvmfs/atlas-nightlies.cern.ch/repo/data/data-art/CommonInputs/DAOD_PHYSVAL/mc16_13TeV.410501.PowhegPythia8EvtGen_A14_ttbar_hdamp258p75_nonallhad.DAOD_PHYSVAL.e5458_s3126_r9364_r9315_AthDerivation-21.2.1.0.root
DATAPATH=/cvmfs/atlas.cern.ch/repo/sw/software/21.2/AnalysisBase/21.2.97/InstallArea/x86_64-centos7-gcc8-opt/data:/cvmfs/atlas.cern.ch/repo/sw/software/21.2/AnalysisBase/21.2.97/InstallArea/x86_64-centos7-gcc8-opt/share:/cvmfs/atlas.cern.ch/repo/sw/software/21.2/AnalysisBaseExternals/21.2.97/InstallArea/x86_64-centos7-gcc8-opt/data:/cvmfs/atlas.cern.ch/repo/sw/software/21.2/AnalysisBaseExternals/21.2.97/InstallArea/x86_64-centos7-gcc8-opt/share:/cvmfs/atlas-nightlies.cern.ch/repo/data/data-art
TRF_EXEC_HOME_DIR=/srv
ALRB_CONT_CHANGEPWD=/srv
TZ=/alrb/localtime
ALRB_infoUname=Linux acas0854.usatlas.bnl.gov 3.10.0-957.12.2.el7.x86_64 #1 SMP Tue May 14 15:23:27 CDT 2019 x86_64 x86_64 x86_64 GNU/Linux
XMLPATH=/cvmfs/atlas.cern.ch/repo/sw/software/21.2/AnalysisBase/21.2.97/InstallArea/x86_64-centos7-gcc8-opt/XML:/cvmfs/atlas.cern.ch/repo/sw/software/21.2/AnalysisBaseExternals/21.2.97/InstallArea/x86_64-centos7-gcc8-opt/XML
PandaID=4837588829
CDATE_SINGULARITY=20200331154445
AnalysisBaseExternals_DIR=/cvmfs/atlas.cern.ch/repo/sw/software/21.2/AnalysisBaseExternals/21.2.97/InstallArea/x86_64-centos7-gcc8-opt
PYTHONHOME=/cvmfs/atlas.cern.ch/repo/sw/software/21.2/AnalysisBase/21.2.97/InstallArea/x86_64-centos7-gcc8-opt/../../../../AnalysisBaseExternals/21.2.97/InstallArea/x86_64-centos7-gcc8-opt
ATLAS_POOLCOND_PATH=/cvmfs/atlas-condb.cern.ch/repo/conditions
AnalysisBaseExternals_EXTONLY_SET_UP=1
ALRB_gridType=none
ALRB_availableToolsPost= advanced diagnostics helpme printmenu showversions
CXX=/cvmfs/atlas.cern.ch/repo/sw/software/21.2/sw/lcg/releases/gcc/8.3.0-cebb0/x86_64-centos7/bin/g++
GAUDI_ROOT=/cvmfs/atlas.cern.ch/repo/sw/software/21.2/GAUDI/21.2.97/InstallArea/x86_64-centos7-gcc8-opt
ROOTSYS=/cvmfs/atlas.cern.ch/repo/sw/software/21.2/AnalysisBase/21.2.97/InstallArea/x86_64-centos7-gcc8-opt/../../../../AnalysisBaseExternals/21.2.97/InstallArea/x86_64-centos7-gcc8-opt
SSL_CERT_DIR=/cvmfs/atlas.cern.ch/repo/ATLASLocalRootBase/etc/grid-security-emi/certificates
SHLVL=3
HOME=/home/usatlas3
ALRB_CONT_DUMMYHOME=/alrb
ALRB_cvmfs_sft_repo=/cvmfs/sft.cern.ch/lcg
ALRB_SFT_LCGEXT_MAP=/cvmfs/sft.cern.ch/lcg/mapfile.txt
ATLAS_LOCAL_RCSETUP_PATH=/cvmfs/atlas.cern.ch/repo/ATLASLocalRootBase/x86_64/rcSetup/00-04-18
GFORTRAN_UNBUFFERED_ALL=y
ALRB_CONT_SED2CONT= -e 's|/home/usatlas3/.alrb/container/singularity/home.rOqPRN|/alrb|g' -e 's|/home/tmp/atlas_ingRDsag/PanDA_Pilot-4837588829|/srv|g' -e 's|/home/condor/local/atlas/execute/dir_38736|/scratch|g'
X509_USER_PROXY=/alrb/x509up_u25606_pilot
ALRB_ACM_PATH=/cvmfs/atlas.cern.ch/repo/ATLASLocalRootBase/x86_64/acm/0.1.20/acm
AtlasBuildBranch=21.2
AnalysisBaseExternals_PLATFORM=x86_64-centos7-gcc8-opt
rcSetup=/cvmfs/atlas.cern.ch/repo/ATLASLocalRootBase/x86_64/rcSetup/00-04-18
ALRB_CONT_HOSTOS=Linux
FC=/cvmfs/atlas.cern.ch/repo/sw/software/21.2/sw/lcg/releases/gcc/8.3.0-cebb0/x86_64-centos7/bin/gfortran
ATLAS_RELEASE_BASE=/cvmfs/atlas.cern.ch/repo/sw/software/21.2
DYLD_LIBRARY_PATH=/cvmfs/atlas.cern.ch/repo/sw/software/21.2/AnalysisBase/21.2.97/InstallArea/x86_64-centos7-gcc8-opt/lib:/cvmfs/atlas.cern.ch/repo/sw/software/21.2/AnalysisBaseExternals/21.2.97/InstallArea/x86_64-centos7-gcc8-opt/lib
INDS=mc16_13TeV.395033.MGPy8EG_A14N23LO_SM_N2C1p_255_250_2L2MET75_MadSpin.recon.AOD.e7035_a875_r10724
RUCIO_ACCOUNT=pilot
ASETUP_ENVFILE=/scratch/.envBefore_asetup.sh-8QOnyb_2
ROOTCOREDIR=/cvmfs/atlas.cern.ch/repo/sw/software/21.2/AnalysisBase/21.2.97/InstallArea/x86_64-centos7-gcc8-opt
ALRB_USER_PLATFORM=centos7+/cvmfs/atlas.cern.ch/repo/containers/fs/singularity/x86_64-centos7
PYTHONPATH=/cvmfs/atlas.cern.ch/repo/sw/software/21.2/AnalysisBase/21.2.97/InstallArea/x86_64-centos7-gcc8-opt/python:/cvmfs/atlas.cern.ch/repo/sw/software/21.2/AnalysisBase/21.2.97/InstallArea/x86_64-centos7-gcc8-opt/lib:/cvmfs/atlas.cern.ch/repo/sw/software/21.2/AnalysisBaseExternals/21.2.97/InstallArea/x86_64-centos7-gcc8-opt/python:/cvmfs/atlas.cern.ch/repo/sw/software/21.2/AnalysisBaseExternals/21.2.97/InstallArea/x86_64-centos7-gcc8-opt/lib:/usr/lib/python2.7/site-packages:/cvmfs/atlas.cern.ch/repo/sw/software/21.2/AnalysisBaseExternals/21.2.97/InstallArea/x86_64-centos7-gcc8-opt/lib/python2.7/site-packages:/cvmfs/atlas.cern.ch/repo/sw/software/21.2/AnalysisBase/21.2.97/InstallArea/x86_64-centos7-gcc8-opt/../../../../AnalysisBaseExternals/21.2.97/InstallArea/x86_64-centos7-gcc8-opt/python:/usr/lib64/python2.7/site-packages
ALRB_RELOCATEALRB=NO
ATLAS_LOCAL_CMAKE_VERSION=3.14.3
AtlasBuildStamp=2019-10-31T0347
OSG_SITE_NAME=BNL_ATLAS_1
ROOTCORE_NCPUS=1
PANDA_RESOURCE=BNL
ATLAS_LOCAL_ROOT_ARCH=x86_64
COMPILER_PATH=/cvmfs/atlas.cern.ch/repo/sw/software/21.2/sw/lcg/releases/gcc/8.3.0-cebb0/x86_64-centos7
ATLAS_RELEASEDATA=/cvmfs/atlas.cern.ch/repo/sw/software/21.2/atlas/offline/ReleaseData
TestArea=/srv/workDir
LCG_RELEASE_BASE=/cvmfs/atlas.cern.ch/repo/sw/software/21.2/sw/lcg/releases
AnalysisBase_SET_UP=1
AnalysisBaseExternals_RELONLY_SET_UP=1
RUCIO_APPID=panda-client-1.4.36-jedi-run
SINGULARITY_CONTAINER=centos7-20200331154445-ef4785a817769a6cef01327f5f0a1b94b839627cd2153fcacf98e897a4111614
ALRB_cvmfs_ALRB=/cvmfs/atlas.cern.ch/repo/ATLASLocalRootBase
ALRB_motdExclusions=
AnalysisBase_PLATFORM=x86_64-centos7-gcc8-opt
ALRB_cvmfs_unpacked_repo=/cvmfs/unpacked.cern.ch
BINARY_TAG=x86_64-centos7-gcc8-opt
CC=/cvmfs/atlas.cern.ch/repo/sw/software/21.2/sw/lcg/releases/gcc/8.3.0-cebb0/x86_64-centos7/bin/gcc
ASG_TEST_FILE_DATA=/cvmfs/atlas-nightlies.cern.ch/repo/data/data-art/CommonInputs/DAOD_PHYSVAL/data16_13TeV.00311321.physics_Main.DAOD_PHYSVAL.r9264_AthDerivation-21.2.1.0.root
ASG_TEST_FILE_MC=/cvmfs/atlas-nightlies.cern.ch/repo/data/data-art/CommonInputs/DAOD_PHYSVAL/mc16_13TeV.410501.PowhegPythia8EvtGen_A14_ttbar_hdamp258p75_nonallhad.DAOD_PHYSVAL.e5458_s3126_r9364_r9315_AthDerivation-21.2.1.0.root
CMAKE_PREFIX_PATH=/cvmfs/atlas.cern.ch/repo/sw/software/21.2/AnalysisBase/21.2.97/InstallArea/x86_64-centos7-gcc8-opt:/cvmfs/atlas.cern.ch/repo/sw/software/21.2/AnalysisBaseExternals/21.2.97/InstallArea/x86_64-centos7-gcc8-opt
PanDA_TaskID=22563009
FRONTIER_SERVER=(serverurl=http://frontier-atlas.lcg.triumf.ca:3128/ATLAS_frontier)(serverurl=http://frontier-atlas1.lcg.triumf.ca:3128/ATLAS_frontier)(serverurl=http://frontier-atlas2.lcg.triumf.ca:3128/ATLAS_frontier)(serverurl=http://ccfrontier.in2p3.fr:23128/ccin2p3-AtlasFrontier)(serverurl=http://ccfrontier01.in2p3.fr:23128/ccin2p3-AtlasFrontier)(serverurl=http://ccfrontier02.in2p3.fr:23128/ccin2p3-AtlasFrontier)(serverurl=http://ccfrontier03.in2p3.fr:23128/ccin2p3-AtlasFrontier)(serverurl=http://ccfrontier05.in2p3.fr:23128/ccin2p3-AtlasFrontier)(proxyurl=http://frontier-cache.sdcc.bnl.gov:3128)(proxyurl=http://frontier-cache1.sdcc.bnl.gov:3128)(proxyurl=http://frontier-cache2.sdcc.bnl.gov:3128)(proxyurl=http://atlasbpfrontier.fnal.gov:3127)(proxyurl=http://atlasbpfrontier.cern.ch:3127)
AtlasBaseDir=/cvmfs/atlas.cern.ch/repo/sw/software/21.2
CMSSW_VERSION=[22563009_4837588829]
ATLAS_LOCAL_ROOT=/cvmfs/atlas.cern.ch/repo/ATLASLocalRootBase/x86_64
ROOTCOREBIN=/cvmfs/atlas.cern.ch/repo/sw/software/21.2/AnalysisBase/21.2.97/InstallArea/x86_64-centos7-gcc8-opt
ALRB_CONT_IMAGESINGULARITY=/cvmfs/atlas.cern.ch/repo/containers/fs/singularity/x86_64-centos7
ALRB_sedExclusions=
AnalysisBase_DIR=/cvmfs/atlas.cern.ch/repo/sw/software/21.2/AnalysisBase/21.2.97/InstallArea/x86_64-centos7-gcc8-opt
ALRB_cvmfs_repo=/cvmfs/atlas.cern.ch/repo
ALRB_containerType=atlas-default
ALRB_availableToolsPre= lsetup
_=/usr/bin/env

=== ls . ===
total 80
drwxr-xr-x 4 usatlas3 usatlas 4096 Sep  9 13:32 485f0917-d8e8-4ea6-818a-46f71e07fa36
-rw-r--r-- 1 usatlas3 usatlas 1964 Sep  9 13:32 CMakeLists.txt
drwxr-xr-x 4 usatlas3 usatlas 4096 Sep  9 13:32 build
-rw-r--r-- 1 usatlas3 usatlas   84 Sep  9 13:32 compile.sh
-rw-r--r-- 1 usatlas3 usatlas  216 Sep  9 13:32 outfilename.h
-rwxr-xr-x 1 usatlas3 usatlas  207 Sep  9 13:32 setup_env.sh
drwxr-xr-x 4 usatlas3 usatlas 4096 Sep  9 13:32 src
-rw-r--r-- 1 usatlas3 usatlas 1082 Sep  9 13:32 submit-to-grid.sh
-rw-r--r-- 1 usatlas3 usatlas  763 Sep  9 13:32 submit-to-grid2.sh
drwxr-xr-x 2 usatlas3 usatlas 4096 Sep  9 13:32 user.cfan
-rw-r--r-- 1 usatlas3 usatlas  658 Sep  9 13:32 user.cfan.RNN.2020-09-04-22-02.log
-rw-r--r-- 1 usatlas3 usatlas  815 Sep  9 13:32 user.cfan.RNN.2020-09-04-22-03.log
drwxr-xr-x 3 usatlas3 usatlas 4096 Sep  9 13:32 user.cfan.RNN.2020-09-04-22-03.log.328261266
-rw-r--r-- 1 usatlas3 usatlas  848 Sep  9 13:32 user.cfan.RNN.2020-09-04-22-05.log
-rw-r--r-- 1 usatlas3 usatlas  876 Sep  9 13:32 user.cfan.RNN.2020-09-09-01-56.log
-rw-r--r-- 1 usatlas3 usatlas 1355 Sep  9 13:32 user.cfan.RNN.2020-09-09-18-13.log
-rw-r--r-- 1 usatlas3 usatlas  761 Sep  9 13:32 user.cfan.RNN.2020-09-09-19-23.log
drwxr-xr-x 2 usatlas3 usatlas 4096 Sep  9 13:32 user.cfan.RNN.410470.2020-08-25-21-36.log.326686849
-rw-r--r-- 1 usatlas3 usatlas 6152 Sep  9 13:32 wrapper.o

=== execute ===
export TestArea=/srv/workDir; export PANDA_PRELOAD=/srv/workDir/485f0917-d8e8-4ea6-818a-46f71e07fa36/'$LIB'/wrapper.so${LD_PRELOAD:+:$LD_PRELOAD}; export LD_PRELOAD=/srv/workDir/485f0917-d8e8-4ea6-818a-46f71e07fa36/'$LIB'/wrapper.so${LD_PRELOAD:+:$LD_PRELOAD}; cat trf.20b93c93-c6c1-45fb-b176-88c75f5f2fdb.py;python -u trf.20b93c93-c6c1-45fb-b176-88c75f5f2fdb.py
import os,sys
status=os.system(r""" ./build/x*/bin/SampleMaker root://dcgftp.usatlas.bnl.gov:1096//pnfs/usatlas.bnl.gov/BNLT0D1/rucio/mc16_13TeV/31/f0/AOD.15946275._000001.pool.root.1,root://dcgftp.usatlas.bnl.gov:1096//pnfs/usatlas.bnl.gov/BNLT0D1/rucio/mc16_13TeV/3f/8f/AOD.15946275._000002.pool.root.1""")
status %= 255
sys.exit(status)

root://dcgftp.usatlas.bnl.gov:1096//pnfs/usatlas.bnl.gov/BNLT0D1/rucio/mc16_13TeV/31/f0/AOD.15946275._000001.pool.root.1

Reading input files
Opened file: root://dcgftp.usatlas.bnl.gov:1096//pnfs/usatlas.bnl.gov/BNLT0D1/rucio/mc16_13TeV/31/f0/AOD.15946275._000001.pool.root.1
Opened file: root://dcgftp.usatlas.bnl.gov:1096//pnfs/usatlas.bnl.gov/BNLT0D1/rucio/mc16_13TeV/3f/8f/AOD.15946275._000002.pool.root.1
xAOD::Init                INFO    Environment initialised for data access
PathResolver             WARNING Could not locate ./2019-21-13TeV-MC16-CDI-2019-10-07_v1.root
TFile::Open               ERROR   no url specified
BTagSel_DL1r             ERROR   /build/atnight/localbuilds/nightlies/21.2/athena/PhysicsAnalysis/JetTagging/JetTagPerformanceCalibration/xAODBTaggingEfficiency/Root/BTaggingSelectionTool.cxx:65 (virtual StatusCode BTaggingSelectionTool::initialize()): BTaggingSelectionTool couldn't access tagging cut definitions
BTagging tool could not initialize

=== stderr ===
Warning in <StatusCode>:
Warning in <StatusCode>: Unchecked status codes encountered during the job
Warning in <StatusCode>: Number of unchecked successes: 4
Warning in <StatusCode>: To fail on an unchecked code, call StatusCode::enableFailure() at the job's start
Warning in <StatusCode>:


=== ls in run dir : . ===
total 96
drwxr-xr-x 4 usatlas3 usatlas 4096 Sep  9 13:32 485f0917-d8e8-4ea6-818a-46f71e07fa36
-rw-r--r-- 1 usatlas3 usatlas 1964 Sep  9 13:32 CMakeLists.txt
drwxr-xr-x 4 usatlas3 usatlas 4096 Sep  9 13:32 build
-rw-r--r-- 1 usatlas3 usatlas   84 Sep  9 13:32 compile.sh
-rw-r--r-- 1 usatlas3 usatlas  216 Sep  9 13:32 outfilename.h
-rw-r--r-- 1 usatlas3 usatlas  407 Sep  9 13:33 output.root
-rwxr-xr-x 1 usatlas3 usatlas  207 Sep  9 13:32 setup_env.sh
drwxr-xr-x 4 usatlas3 usatlas 4096 Sep  9 13:32 src
-rw-r--r-- 1 usatlas3 usatlas 1082 Sep  9 13:32 submit-to-grid.sh
-rw-r--r-- 1 usatlas3 usatlas  763 Sep  9 13:32 submit-to-grid2.sh
-rw-r--r-- 1 usatlas3 usatlas  290 Sep  9 13:33 tmp.stderr.6cccf9b9-6323-43d8-9994-2e28046eab45
-rw-r--r-- 1 usatlas3 usatlas  979 Sep  9 13:33 tmp.stdout.2e618a55-12c4-4c67-8fa2-507de1214d9f
-rw-r--r-- 1 usatlas3 usatlas  341 Sep  9 13:32 trf.20b93c93-c6c1-45fb-b176-88c75f5f2fdb.py
drwxr-xr-x 2 usatlas3 usatlas 4096 Sep  9 13:32 user.cfan
-rw-r--r-- 1 usatlas3 usatlas  658 Sep  9 13:32 user.cfan.RNN.2020-09-04-22-02.log
-rw-r--r-- 1 usatlas3 usatlas  815 Sep  9 13:32 user.cfan.RNN.2020-09-04-22-03.log
drwxr-xr-x 3 usatlas3 usatlas 4096 Sep  9 13:32 user.cfan.RNN.2020-09-04-22-03.log.328261266
-rw-r--r-- 1 usatlas3 usatlas  848 Sep  9 13:32 user.cfan.RNN.2020-09-04-22-05.log
-rw-r--r-- 1 usatlas3 usatlas  876 Sep  9 13:32 user.cfan.RNN.2020-09-09-01-56.log
-rw-r--r-- 1 usatlas3 usatlas 1355 Sep  9 13:32 user.cfan.RNN.2020-09-09-18-13.log
-rw-r--r-- 1 usatlas3 usatlas  761 Sep  9 13:32 user.cfan.RNN.2020-09-09-19-23.log
drwxr-xr-x 2 usatlas3 usatlas 4096 Sep  9 13:32 user.cfan.RNN.410470.2020-08-25-21-36.log.326686849
-rw-r--r-- 1 usatlas3 usatlas 6152 Sep  9 13:32 wrapper.o


/srv
total 480
-rw-r--r--  1 usatlas3 usatlas    163 Sep  9 13:33 PoolFileCatalog.xml
-rwxr-xr-x  1 usatlas3 usatlas    821 Sep  9 13:32 container_script.sh
-rw-r--r--  1 usatlas3 usatlas    219 Sep  9 13:32 memory_monitor_output.txt
-rw-r--r--  1 usatlas3 usatlas    927 Sep  9 13:32 memory_monitor_summary.json_snapshot
-rw-r--r--  1 usatlas3 usatlas    124 Sep  9 13:32 my_release_setup.sh
-rw-r--r--  1 usatlas3 usatlas 320768 Sep  9 13:31 panda.0909172444.648414.lib._22563009.22149914660.lib.tgz
-rw-r--r--  1 usatlas3 usatlas   1129 Sep  9 13:33 pandatracerlog.txt
drwxr-xr-x  7 usatlas3 usatlas   4096 Sep  9 13:32 pandawnutil
-rw-r--r--  1 usatlas3 usatlas      0 Sep  9 13:31 payload.stderr
-rw-r--r--  1 usatlas3 usatlas  32482 Sep  9 13:33 payload.stdout
lrwxrwxrwx  1 usatlas3 usatlas     15 Sep  9 13:30 pilotlog.txt -> ../pilotlog.txt
-rwxr-xr-x  1 usatlas3 usatlas  70019 Sep  9 13:32 runGen-00-00-02
-rw-r--r--  1 usatlas3 usatlas  23972 Jul 15 07:44 runGen.py
drwxr-xr-x 10 usatlas3 usatlas   4096 Sep  9 13:32 src
drwxr-xr-x  8 usatlas3 usatlas   4096 Sep  9 13:33 workDir

==== Result ====
execute script: Running script failed : StatusCode=1
