Info: /cvmfs mounted; do 'setupATLAS -d -c ...' to skip default mounts.
Info: $HOME mounted; do 'setupATLAS -d -c ...' to skip default mounts.
------------------------------------------------------------------------------
Singularity: 2.6.1
From: /bin/singularity
ContainerType: atlas-default
singularity  exec  -C -e  -H /home/gridpools/atlaspilot0071/home_cream_240061812/.alrb/container/singularity/home.FlUwia:/alrb -B /cvmfs:/cvmfs -B /home/gridpools/atlaspilot0071:/home -B /home/gridpools/atlaspilot0071/home_cream_240061812/tmp/atlas_uE9lVgxr/PanDA_Pilot-4821644317:/srv /cvmfs/atlas.cern.ch/repo/containers/fs/singularity/x86_64-centos7 /alrb/.bashrc
------------------------------------------------------------------------------
[7mlsetup              [0m lsetup <tool1> [ <tool2> ...] (see lsetup -h):
[7m lsetup agis        [0m  ATLAS Grid Information System
[7m lsetup asetup      [0m  (or asetup) to setup an Athena release
[7m lsetup atlantis    [0m  Atlantis: event display
[7m lsetup eiclient    [0m  Event Index 
[7m lsetup emi         [0m  EMI: grid middleware user interface 
[7m lsetup ganga       [0m  Ganga: job definition and management client
[7m lsetup lcgenv      [0m  lcgenv: setup tools from cvmfs SFT repository
[7m lsetup panda       [0m  Panda: Production ANd Distributed Analysis
[7m lsetup pod         [0m  Proof-on-Demand (obsolete)
[7m lsetup pyami       [0m  pyAMI: ATLAS Metadata Interface python client
[7m lsetup root        [0m  ROOT data processing framework
[7m lsetup rucio       [0m  distributed data management system client
[7m lsetup views       [0m  Set up a full LCG release
[7m lsetup xcache      [0m  XRootD local proxy cache
[7m lsetup xrootd      [0m  XRootD data access
[7madvancedTools       [0m advanced tools menu
[7mdiagnostics         [0m diagnostic tools menu
[7mhelpMe              [0m more help
[7mprintMenu           [0m show this menu
[7mshowVersions        [0m show versions of installed software

Warning: unpacked repo has not been updated recently; /cvmfs/unpacked.cern.ch/logDir/lastUpdate does not exist
 sourcing /srv/my_release_setup.sh 
AtlasSetup(WARNING): Deprecased tag "notest" ignored in cmake releases
Using AnalysisBase/21.2.97 [cmake] with platform x86_64-centos7-gcc8-opt
	at /cvmfs/atlas.cern.ch/repo/sw/software/21.2
=== start ===
Sat Aug 22 00:30:54 2020
=== parameters ===
('libraries', 'panda.0821212238.299856.lib._22406580.21967603957.lib.tgz')
('runDir', '.')
('jobParams', './build/x*/bin/SampleMaker %IN')
('inputFiles', ['DAOD_SUSY2.18255207._000001.pool.root.1', 'DAOD_SUSY2.18255207._000002.pool.root.1', 'DAOD_SUSY2.18255207._000003.pool.root.1', 'DAOD_SUSY2.18255207._000004.pool.root.1', 'DAOD_SUSY2.18255207._000005.pool.root.1', 'DAOD_SUSY2.18255207._000006.pool.root.1', 'DAOD_SUSY2.18255207._000007.pool.root.1', 'DAOD_SUSY2.18255207._000008.pool.root.1', 'DAOD_SUSY2.18255207._000009.pool.root.1', 'DAOD_SUSY2.18255207._000010.pool.root.1', 'DAOD_SUSY2.18255207._000015.pool.root.1', 'DAOD_SUSY2.18255207._000016.pool.root.1', 'DAOD_SUSY2.18255207._000017.pool.root.1', 'DAOD_SUSY2.18255207._000019.pool.root.1', 'DAOD_SUSY2.18255207._000020.pool.root.1', 'DAOD_SUSY2.18255207._000021.pool.root.1', 'DAOD_SUSY2.18255207._000022.pool.root.1'])
('scriptName', '')
('outputFiles', {})
('inputGUIDs', [])
('oldPrefix', '')
('newPrefix', '')
('directIn', True)
('usePFCTurl', True)
('lfcHost', '')
('debugFlag', False)
('liveLog', '')
('sourceURL', 'https://aipanda048.cern.ch:25443')
('inMap', {})
('useAthenaPackages', False)
('archiveJobO', '')
('dbrFile', '')
('dbrRun', -1)
('notExpandDBR', False)
('skipInputByRetry', [])
('writeInputToTxt', '')
('rootVer', '')
('useRootCore', False)
('givenPFN', False)
('useMana', False)
('manaVer', '')
('useCMake', True)
('preprocess', False)
('postprocess', False)
===================
--- Running in /srv ---
===== PFC from pilot =====
<?xml version="1.0" ?>
<!DOCTYPE POOLFILECATALOG SYSTEM "InMemory">
<POOLFILECATALOG>
  <File ID="03BB142D-C611-9B41-AFA8-C3A73DD4194D">
    <physical>
      <pfn filetype="ROOT_All" name="root://sdrm.t1.grid.kiae.ru:1094//t1.grid.kiae.ru/data/atlas/atlasdatadisk/rucio/mc16_13TeV/03/ec/DAOD_SUSY2.18255207._000009.pool.root.1"/>
    </physical>
    <logical/>
  </File>
  <File ID="6994E172-5F4A-F44C-A5D2-E9C189DC1AC0">
    <physical>
      <pfn filetype="ROOT_All" name="root://sdrm.t1.grid.kiae.ru:1094//t1.grid.kiae.ru/data/atlas/atlasdatadisk/rucio/mc16_13TeV/17/8d/DAOD_SUSY2.18255207._000002.pool.root.1"/>
    </physical>
    <logical/>
  </File>
  <File ID="0D481EA8-3C35-3546-BCDD-3518C1F37115">
    <physical>
      <pfn filetype="ROOT_All" name="root://sdrm.t1.grid.kiae.ru:1094//t1.grid.kiae.ru/data/atlas/atlasdatadisk/rucio/mc16_13TeV/1f/3f/DAOD_SUSY2.18255207._000003.pool.root.1"/>
    </physical>
    <logical/>
  </File>
  <File ID="1C7E5D7A-6692-1040-AD09-34073BFAEDD9">
    <physical>
      <pfn filetype="ROOT_All" name="root://sdrm.t1.grid.kiae.ru:1094//t1.grid.kiae.ru/data/atlas/atlasdatadisk/rucio/mc16_13TeV/19/22/DAOD_SUSY2.18255207._000016.pool.root.1"/>
    </physical>
    <logical/>
  </File>
  <File ID="12E9E8EF-31B5-3F49-A0B5-D7730F0B7867">
    <physical>
      <pfn filetype="ROOT_All" name="root://sdrm.t1.grid.kiae.ru:1094//t1.grid.kiae.ru/data/atlas/atlasdatadisk/rucio/mc16_13TeV/72/18/DAOD_SUSY2.18255207._000021.pool.root.1"/>
    </physical>
    <logical/>
  </File>
  <File ID="C8BD9E22-C1D3-AD45-B1D0-70E1170C554A">
    <physical>
      <pfn filetype="ROOT_All" name="root://sdrm.t1.grid.kiae.ru:1094//t1.grid.kiae.ru/data/atlas/atlasdatadisk/rucio/mc16_13TeV/4b/3f/DAOD_SUSY2.18255207._000020.pool.root.1"/>
    </physical>
    <logical/>
  </File>
  <File ID="B2E7F185-7A1E-4D97-835B-859392811834">
    <physical>
      <pfn filetype="ROOT_All" name="panda.0821212238.299856.lib._22406580.21967603957.lib.tgz"/>
    </physical>
    <logical/>
  </File>
  <File ID="F35D9994-2D43-BF49-B3FB-30B282E3E695">
    <physical>
      <pfn filetype="ROOT_All" name="root://sdrm.t1.grid.kiae.ru:1094//t1.grid.kiae.ru/data/atlas/atlasdatadisk/rucio/mc16_13TeV/99/69/DAOD_SUSY2.18255207._000022.pool.root.1"/>
    </physical>
    <logical/>
  </File>
  <File ID="DED2B548-A8AD-1A4F-8B4D-C0B10090F056">
    <physical>
      <pfn filetype="ROOT_All" name="root://sdrm.t1.grid.kiae.ru:1094//t1.grid.kiae.ru/data/atlas/atlasdatadisk/rucio/mc16_13TeV/4a/31/DAOD_SUSY2.18255207._000015.pool.root.1"/>
    </physical>
    <logical/>
  </File>
  <File ID="FD0AA59C-1541-3746-9B07-3B7DC1FD2961">
    <physical>
      <pfn filetype="ROOT_All" name="root://sdrm.t1.grid.kiae.ru:1094//t1.grid.kiae.ru/data/atlas/atlasdatadisk/rucio/mc16_13TeV/cc/a1/DAOD_SUSY2.18255207._000010.pool.root.1"/>
    </physical>
    <logical/>
  </File>
  <File ID="D4676F44-43FD-C747-ABE3-20444042A2B4">
    <physical>
      <pfn filetype="ROOT_All" name="root://sdrm.t1.grid.kiae.ru:1094//t1.grid.kiae.ru/data/atlas/atlasdatadisk/rucio/mc16_13TeV/db/68/DAOD_SUSY2.18255207._000017.pool.root.1"/>
    </physical>
    <logical/>
  </File>
  <File ID="B575D6AA-85F5-7A4B-AB48-AFBCEA6F4796">
    <physical>
      <pfn filetype="ROOT_All" name="root://sdrm.t1.grid.kiae.ru:1094//t1.grid.kiae.ru/data/atlas/atlasdatadisk/rucio/mc16_13TeV/8b/bc/DAOD_SUSY2.18255207._000006.pool.root.1"/>
    </physical>
    <logical/>
  </File>
  <File ID="F790BDC4-978C-C947-9C01-7F980FABD7AF">
    <physical>
      <pfn filetype="ROOT_All" name="root://sdrm.t1.grid.kiae.ru:1094//t1.grid.kiae.ru/data/atlas/atlasdatadisk/rucio/mc16_13TeV/45/81/DAOD_SUSY2.18255207._000007.pool.root.1"/>
    </physical>
    <logical/>
  </File>
  <File ID="B772B773-9DCB-0744-A67F-5CFC51D69589">
    <physical>
      <pfn filetype="ROOT_All" name="root://sdrm.t1.grid.kiae.ru:1094//t1.grid.kiae.ru/data/atlas/atlasdatadisk/rucio/mc16_13TeV/fd/a3/DAOD_SUSY2.18255207._000008.pool.root.1"/>
    </physical>
    <logical/>
  </File>
  <File ID="B23A5560-2549-6A4F-8B89-10AEF0055B3A">
    <physical>
      <pfn filetype="ROOT_All" name="root://sdrm.t1.grid.kiae.ru:1094//t1.grid.kiae.ru/data/atlas/atlasdatadisk/rucio/mc16_13TeV/6a/d4/DAOD_SUSY2.18255207._000001.pool.root.1"/>
    </physical>
    <logical/>
  </File>
  <File ID="045034C1-E0E0-BD49-8469-85C17F04FBF8">
    <physical>
      <pfn filetype="ROOT_All" name="root://sdrm.t1.grid.kiae.ru:1094//t1.grid.kiae.ru/data/atlas/atlasdatadisk/rucio/mc16_13TeV/b5/54/DAOD_SUSY2.18255207._000019.pool.root.1"/>
    </physical>
    <logical/>
  </File>
  <File ID="550C62F3-9DB2-F245-8BD6-8E24392BE7E2">
    <physical>
      <pfn filetype="ROOT_All" name="root://sdrm.t1.grid.kiae.ru:1094//t1.grid.kiae.ru/data/atlas/atlasdatadisk/rucio/mc16_13TeV/f3/90/DAOD_SUSY2.18255207._000005.pool.root.1"/>
    </physical>
    <logical/>
  </File>
  <File ID="69BAB69C-F7E0-414D-ADD2-411739155A55">
    <physical>
      <pfn filetype="ROOT_All" name="root://sdrm.t1.grid.kiae.ru:1094//t1.grid.kiae.ru/data/atlas/atlasdatadisk/rucio/mc16_13TeV/af/c7/DAOD_SUSY2.18255207._000004.pool.root.1"/>
    </physical>
    <logical/>
  </File>
</POOLFILECATALOG>


===== inputFiles with inMap =====
('inputFiles', ['DAOD_SUSY2.18255207._000001.pool.root.1', 'DAOD_SUSY2.18255207._000002.pool.root.1', 'DAOD_SUSY2.18255207._000003.pool.root.1', 'DAOD_SUSY2.18255207._000004.pool.root.1', 'DAOD_SUSY2.18255207._000005.pool.root.1', 'DAOD_SUSY2.18255207._000006.pool.root.1', 'DAOD_SUSY2.18255207._000007.pool.root.1', 'DAOD_SUSY2.18255207._000008.pool.root.1', 'DAOD_SUSY2.18255207._000009.pool.root.1', 'DAOD_SUSY2.18255207._000010.pool.root.1', 'DAOD_SUSY2.18255207._000015.pool.root.1', 'DAOD_SUSY2.18255207._000016.pool.root.1', 'DAOD_SUSY2.18255207._000017.pool.root.1', 'DAOD_SUSY2.18255207._000019.pool.root.1', 'DAOD_SUSY2.18255207._000020.pool.root.1', 'DAOD_SUSY2.18255207._000021.pool.root.1', 'DAOD_SUSY2.18255207._000022.pool.root.1'])

===== GUIDs and TURLs in PFC =====
{'03BB142D-C611-9B41-AFA8-C3A73DD4194D': 'root://sdrm.t1.grid.kiae.ru:1094//t1.grid.kiae.ru/data/atlas/atlasdatadisk/rucio/mc16_13TeV/03/ec/DAOD_SUSY2.18255207._000009.pool.root.1', '12E9E8EF-31B5-3F49-A0B5-D7730F0B7867': 'root://sdrm.t1.grid.kiae.ru:1094//t1.grid.kiae.ru/data/atlas/atlasdatadisk/rucio/mc16_13TeV/72/18/DAOD_SUSY2.18255207._000021.pool.root.1', '0D481EA8-3C35-3546-BCDD-3518C1F37115': 'root://sdrm.t1.grid.kiae.ru:1094//t1.grid.kiae.ru/data/atlas/atlasdatadisk/rucio/mc16_13TeV/1f/3f/DAOD_SUSY2.18255207._000003.pool.root.1', '1C7E5D7A-6692-1040-AD09-34073BFAEDD9': 'root://sdrm.t1.grid.kiae.ru:1094//t1.grid.kiae.ru/data/atlas/atlasdatadisk/rucio/mc16_13TeV/19/22/DAOD_SUSY2.18255207._000016.pool.root.1', '6994E172-5F4A-F44C-A5D2-E9C189DC1AC0': 'root://sdrm.t1.grid.kiae.ru:1094//t1.grid.kiae.ru/data/atlas/atlasdatadisk/rucio/mc16_13TeV/17/8d/DAOD_SUSY2.18255207._000002.pool.root.1', 'C8BD9E22-C1D3-AD45-B1D0-70E1170C554A': 'root://sdrm.t1.grid.kiae.ru:1094//t1.grid.kiae.ru/data/atlas/atlasdatadisk/rucio/mc16_13TeV/4b/3f/DAOD_SUSY2.18255207._000020.pool.root.1', 'B2E7F185-7A1E-4D97-835B-859392811834': 'panda.0821212238.299856.lib._22406580.21967603957.lib.tgz', 'F35D9994-2D43-BF49-B3FB-30B282E3E695': 'root://sdrm.t1.grid.kiae.ru:1094//t1.grid.kiae.ru/data/atlas/atlasdatadisk/rucio/mc16_13TeV/99/69/DAOD_SUSY2.18255207._000022.pool.root.1', 'DED2B548-A8AD-1A4F-8B4D-C0B10090F056': 'root://sdrm.t1.grid.kiae.ru:1094//t1.grid.kiae.ru/data/atlas/atlasdatadisk/rucio/mc16_13TeV/4a/31/DAOD_SUSY2.18255207._000015.pool.root.1', 'D4676F44-43FD-C747-ABE3-20444042A2B4': 'root://sdrm.t1.grid.kiae.ru:1094//t1.grid.kiae.ru/data/atlas/atlasdatadisk/rucio/mc16_13TeV/db/68/DAOD_SUSY2.18255207._000017.pool.root.1', 'B575D6AA-85F5-7A4B-AB48-AFBCEA6F4796': 'root://sdrm.t1.grid.kiae.ru:1094//t1.grid.kiae.ru/data/atlas/atlasdatadisk/rucio/mc16_13TeV/8b/bc/DAOD_SUSY2.18255207._000006.pool.root.1', 'FD0AA59C-1541-3746-9B07-3B7DC1FD2961': 'root://sdrm.t1.grid.kiae.ru:1094//t1.grid.kiae.ru/data/atlas/atlasdatadisk/rucio/mc16_13TeV/cc/a1/DAOD_SUSY2.18255207._000010.pool.root.1', 'B772B773-9DCB-0744-A67F-5CFC51D69589': 'root://sdrm.t1.grid.kiae.ru:1094//t1.grid.kiae.ru/data/atlas/atlasdatadisk/rucio/mc16_13TeV/fd/a3/DAOD_SUSY2.18255207._000008.pool.root.1', 'B23A5560-2549-6A4F-8B89-10AEF0055B3A': 'root://sdrm.t1.grid.kiae.ru:1094//t1.grid.kiae.ru/data/atlas/atlasdatadisk/rucio/mc16_13TeV/6a/d4/DAOD_SUSY2.18255207._000001.pool.root.1', '69BAB69C-F7E0-414D-ADD2-411739155A55': 'root://sdrm.t1.grid.kiae.ru:1094//t1.grid.kiae.ru/data/atlas/atlasdatadisk/rucio/mc16_13TeV/af/c7/DAOD_SUSY2.18255207._000004.pool.root.1', '045034C1-E0E0-BD49-8469-85C17F04FBF8': 'root://sdrm.t1.grid.kiae.ru:1094//t1.grid.kiae.ru/data/atlas/atlasdatadisk/rucio/mc16_13TeV/b5/54/DAOD_SUSY2.18255207._000019.pool.root.1', '550C62F3-9DB2-F245-8BD6-8E24392BE7E2': 'root://sdrm.t1.grid.kiae.ru:1094//t1.grid.kiae.ru/data/atlas/atlasdatadisk/rucio/mc16_13TeV/f3/90/DAOD_SUSY2.18255207._000005.pool.root.1', 'F790BDC4-978C-C947-9C01-7F980FABD7AF': 'root://sdrm.t1.grid.kiae.ru:1094//t1.grid.kiae.ru/data/atlas/atlasdatadisk/rucio/mc16_13TeV/45/81/DAOD_SUSY2.18255207._000007.pool.root.1'}
CMakeLists.txt
build/
build/x86_64-centos7-gcc8-opt/
build/x86_64-centos7-gcc8-opt/bin/
build/x86_64-centos7-gcc8-opt/bin/SampleMaker.exe
build/x86_64-centos7-gcc8-opt/bin/SampleMaker
build/x86_64-centos7-gcc8-opt/ClientCMakeLists.txt
build/x86_64-centos7-gcc8-opt/setup.sh
build/x86_64-centos7-gcc8-opt/packages.txt
build/x86_64-centos7-gcc8-opt/compilers.txt
build/x86_64-centos7-gcc8-opt/ReleaseData
build/ExperimentalBuild.cmake
build/cpack_install.sh
build/CPackDbgRPMConfig.cmake
build/NightlyBuild.cmake
build/README.txt
build/Makefile
build/CMakeDoxygenDefaults.cmake
build/Project.xml
build/cmake_install.cmake
build/CPackConfig.cmake
build/CPackOptions.cmake
build/atlas_build_run.sh
build/WorkDirConfig.cmake
build/CMakeCache.txt
build/CTestCustom.cmake
build/CMakeDoxyfile.in
build/CMakeFiles/
build/CMakeFiles/TargetDirectories.txt
build/CMakeFiles/atlas_tests.dir/
build/CMakeFiles/atlas_tests.dir/DependInfo.cmake
build/CMakeFiles/atlas_tests.dir/depend.internal
build/CMakeFiles/atlas_tests.dir/progress.make
build/CMakeFiles/atlas_tests.dir/depend.make
build/CMakeFiles/atlas_tests.dir/build.make
build/CMakeFiles/atlas_tests.dir/cmake_clean.cmake
build/CMakeFiles/CMakeOutput.log
build/CMakeFiles/cmake.check_cache
build/CMakeFiles/progress.marks
build/CMakeFiles/hdf5/
build/CMakeFiles/hdf5/cmake_hdf5_test.c
build/CMakeFiles/hdf5/cmake_hdf5_test.cxx
build/CMakeFiles/hdf5/CMakeFiles/
build/CMakeFiles/hdf5/CMakeFiles/CMakeTmp/
build/CMakeFiles/SampleMakerExeAttribSet.dir/
build/CMakeFiles/SampleMakerExeAttribSet.dir/DependInfo.cmake
build/CMakeFiles/SampleMakerExeAttribSet.dir/depend.internal
build/CMakeFiles/SampleMakerExeAttribSet.dir/progress.make
build/CMakeFiles/SampleMakerExeAttribSet.dir/depend.make
build/CMakeFiles/SampleMakerExeAttribSet.dir/build.make
build/CMakeFiles/SampleMakerExeAttribSet.dir/Labels.txt
build/CMakeFiles/SampleMakerExeAttribSet.dir/cmake_clean.cmake
build/CMakeFiles/SampleMakerExeAttribSet.dir/Labels.json
build/CMakeFiles/Package_RNNSampleMaker.dir/
build/CMakeFiles/Package_RNNSampleMaker.dir/DependInfo.cmake
build/CMakeFiles/Package_RNNSampleMaker.dir/depend.internal
build/CMakeFiles/Package_RNNSampleMaker.dir/progress.make
build/CMakeFiles/Package_RNNSampleMaker.dir/depend.make
build/CMakeFiles/Package_RNNSampleMaker.dir/build.make
build/CMakeFiles/Package_RNNSampleMaker.dir/cmake_clean.cmake
build/CMakeFiles/Package_RNNSampleMaker_tests.dir/
build/CMakeFiles/Package_RNNSampleMaker_tests.dir/DependInfo.cmake
build/CMakeFiles/Package_RNNSampleMaker_tests.dir/depend.internal
build/CMakeFiles/Package_RNNSampleMaker_tests.dir/progress.make
build/CMakeFiles/Package_RNNSampleMaker_tests.dir/depend.make
build/CMakeFiles/Package_RNNSampleMaker_tests.dir/build.make
build/CMakeFiles/Package_RNNSampleMaker_tests.dir/cmake_clean.cmake
build/CMakeFiles/SampleMaker.dir/
build/CMakeFiles/SampleMaker.dir/flags.make
build/CMakeFiles/SampleMaker.dir/DependInfo.cmake
build/CMakeFiles/SampleMaker.dir/depend.internal
build/CMakeFiles/SampleMaker.dir/link.txt
build/CMakeFiles/SampleMaker.dir/progress.make
build/CMakeFiles/SampleMaker.dir/CXX.includecache
build/CMakeFiles/SampleMaker.dir/depend.make
build/CMakeFiles/SampleMaker.dir/build.make
build/CMakeFiles/SampleMaker.dir/Labels.txt
build/CMakeFiles/SampleMaker.dir/cmake_clean.cmake
build/CMakeFiles/SampleMaker.dir/Labels.json
build/CMakeFiles/cpack_dbg_install.sh
build/CMakeFiles/CMakeRuleHashes.txt
build/CMakeFiles/CMakeDirectoryInformation.cmake
build/CMakeFiles/ATLAS_PACKAGES_TARGET.dir/
build/CMakeFiles/ATLAS_PACKAGES_TARGET.dir/DependInfo.cmake
build/CMakeFiles/ATLAS_PACKAGES_TARGET.dir/progress.make
build/CMakeFiles/ATLAS_PACKAGES_TARGET.dir/build.make
build/CMakeFiles/ATLAS_PACKAGES_TARGET.dir/cmake_clean.cmake
build/CMakeFiles/CMakeTmp/
build/CMakeFiles/CMakeError.log
build/CMakeFiles/feature_tests.bin
build/CMakeFiles/3.14.3/
build/CMakeFiles/3.14.3/CompilerIdCXX/
build/CMakeFiles/3.14.3/CompilerIdCXX/a.out
build/CMakeFiles/3.14.3/CompilerIdCXX/CMakeCXXCompilerId.cpp
build/CMakeFiles/3.14.3/CompilerIdCXX/tmp/
build/CMakeFiles/3.14.3/CMakeCXXCompiler.cmake
build/CMakeFiles/3.14.3/CMakeDetermineCompilerABI_CXX.bin
build/CMakeFiles/3.14.3/CMakeDetermineCompilerABI_C.bin
build/CMakeFiles/3.14.3/CMakeCCompiler.cmake
build/CMakeFiles/3.14.3/CMakeSystem.cmake
build/CMakeFiles/3.14.3/CompilerIdC/
build/CMakeFiles/3.14.3/CompilerIdC/CMakeCCompilerId.c
build/CMakeFiles/3.14.3/CompilerIdC/a.out
build/CMakeFiles/3.14.3/CompilerIdC/tmp/
build/CMakeFiles/Makefile2
build/CMakeFiles/feature_tests.cxx
build/CMakeFiles/feature_tests.c
build/CMakeFiles/Makefile.cmake
build/WorkDirConfig-version.cmake
build/CPackSourceConfig.cmake
compile.sh
setup_env.sh
src/
src/ObjectFilters.cxx
src/SampleMaker.cxx
src/TagProbeTest.cxx
src/TagAndProbe/
src/TagAndProbe/SampleMaker.cxx_Anil
src/TagAndProbe/ObjectFilters.cxx_Anil
src/BackupCode/
src/BackupCode/PtConeAndEtConeValidationCode.cxx_backup
submit-to-grid.sh
user.cfan.RNN.308093.2020-08-21-23-21.log
user.cfan.RNN.361106.2020-08-21-23-21.log

===== make PandaTracer =====
  m64 succeeded
  m32 is not supported
Log location -> /srv/workDir/365d2ab3-3655-4d4a-96e8-4240a814db4f/pandatracerlog.txt

=== dump ./.rootrc ===
ProofLite.Workers: 1


=== check input files ===
=== New inputFiles ===
['root://sdrm.t1.grid.kiae.ru:1094//t1.grid.kiae.ru/data/atlas/atlasdatadisk/rucio/mc16_13TeV/6a/d4/DAOD_SUSY2.18255207._000001.pool.root.1', 'root://sdrm.t1.grid.kiae.ru:1094//t1.grid.kiae.ru/data/atlas/atlasdatadisk/rucio/mc16_13TeV/17/8d/DAOD_SUSY2.18255207._000002.pool.root.1', 'root://sdrm.t1.grid.kiae.ru:1094//t1.grid.kiae.ru/data/atlas/atlasdatadisk/rucio/mc16_13TeV/1f/3f/DAOD_SUSY2.18255207._000003.pool.root.1', 'root://sdrm.t1.grid.kiae.ru:1094//t1.grid.kiae.ru/data/atlas/atlasdatadisk/rucio/mc16_13TeV/af/c7/DAOD_SUSY2.18255207._000004.pool.root.1', 'root://sdrm.t1.grid.kiae.ru:1094//t1.grid.kiae.ru/data/atlas/atlasdatadisk/rucio/mc16_13TeV/f3/90/DAOD_SUSY2.18255207._000005.pool.root.1', 'root://sdrm.t1.grid.kiae.ru:1094//t1.grid.kiae.ru/data/atlas/atlasdatadisk/rucio/mc16_13TeV/8b/bc/DAOD_SUSY2.18255207._000006.pool.root.1', 'root://sdrm.t1.grid.kiae.ru:1094//t1.grid.kiae.ru/data/atlas/atlasdatadisk/rucio/mc16_13TeV/45/81/DAOD_SUSY2.18255207._000007.pool.root.1', 'root://sdrm.t1.grid.kiae.ru:1094//t1.grid.kiae.ru/data/atlas/atlasdatadisk/rucio/mc16_13TeV/fd/a3/DAOD_SUSY2.18255207._000008.pool.root.1', 'root://sdrm.t1.grid.kiae.ru:1094//t1.grid.kiae.ru/data/atlas/atlasdatadisk/rucio/mc16_13TeV/03/ec/DAOD_SUSY2.18255207._000009.pool.root.1', 'root://sdrm.t1.grid.kiae.ru:1094//t1.grid.kiae.ru/data/atlas/atlasdatadisk/rucio/mc16_13TeV/cc/a1/DAOD_SUSY2.18255207._000010.pool.root.1', 'root://sdrm.t1.grid.kiae.ru:1094//t1.grid.kiae.ru/data/atlas/atlasdatadisk/rucio/mc16_13TeV/4a/31/DAOD_SUSY2.18255207._000015.pool.root.1', 'root://sdrm.t1.grid.kiae.ru:1094//t1.grid.kiae.ru/data/atlas/atlasdatadisk/rucio/mc16_13TeV/19/22/DAOD_SUSY2.18255207._000016.pool.root.1', 'root://sdrm.t1.grid.kiae.ru:1094//t1.grid.kiae.ru/data/atlas/atlasdatadisk/rucio/mc16_13TeV/db/68/DAOD_SUSY2.18255207._000017.pool.root.1', 'root://sdrm.t1.grid.kiae.ru:1094//t1.grid.kiae.ru/data/atlas/atlasdatadisk/rucio/mc16_13TeV/b5/54/DAOD_SUSY2.18255207._000019.pool.root.1', 'root://sdrm.t1.grid.kiae.ru:1094//t1.grid.kiae.ru/data/atlas/atlasdatadisk/rucio/mc16_13TeV/4b/3f/DAOD_SUSY2.18255207._000020.pool.root.1', 'root://sdrm.t1.grid.kiae.ru:1094//t1.grid.kiae.ru/data/atlas/atlasdatadisk/rucio/mc16_13TeV/72/18/DAOD_SUSY2.18255207._000021.pool.root.1', 'root://sdrm.t1.grid.kiae.ru:1094//t1.grid.kiae.ru/data/atlas/atlasdatadisk/rucio/mc16_13TeV/99/69/DAOD_SUSY2.18255207._000022.pool.root.1']

=== env variables ===
PILOT_USER=ATLAS
ATLAS_LOCAL_ACM_VERSION=0.1.20
AtlasSetupSite=/cvmfs/atlas.cern.ch/repo/ATLASLocalRootBase/x86_64/AtlasSetup/.config/.asetup.site
MANPATH=/cvmfs/atlas.cern.ch/repo/sw/software/21.2/sw/lcg/releases/gcc/8.3.0-cebb0/x86_64-centos7/share/man:/cvmfs/atlas.cern.ch/repo/sw/software/21.2/sw/lcg/releases/binutils/2.30-e5b21/x86_64-centos7/share/man:/usr/local/share/man:/usr/share/man
HEP_OSLIBS_VER=7.2.12-2.el7.cern
ASG_TEST_FILE_MC_AFII=/cvmfs/atlas-nightlies.cern.ch/repo/data/data-art/CommonInputs/DAOD_PHYSVAL/valid1.410000.PowhegPythiaEvtGen_P2012_ttbar_hdamp172p5_nonallhad.DAOD_PHYSVAL.e4993_s3189_r9524_AthDerivation-21.2.1.0.root
ALRB_cvmfs_CDB=/cvmfs/atlas-condb.cern.ch/repo/conditions
ATLAS_LOCAL_ROOT_PACOPT=
ALRB_CONT_SED2HOST= -e 's|/alrb|/home/gridpools/atlaspilot0071/home_cream_240061812/.alrb/container/singularity/home.FlUwia|g' -e 's|/home|/home/gridpools/atlaspilot0071|g' -e 's|/srv|/home/gridpools/atlaspilot0071/home_cream_240061812/tmp/atlas_uE9lVgxr/PanDA_Pilot-4821644317|g'
ROOT_INCLUDE_PATH=/cvmfs/atlas.cern.ch/repo/sw/software/21.2/AnalysisBase/21.2.97/InstallArea/x86_64-centos7-gcc8-opt/include:/cvmfs/atlas.cern.ch/repo/sw/software/21.2/AnalysisBaseExternals/21.2.97/InstallArea/x86_64-centos7-gcc8-opt/include:/cvmfs/atlas.cern.ch/repo/sw/software/21.2/AnalysisBaseExternals/21.2.97/InstallArea/x86_64-centos7-gcc8-opt/include/libxml2:/cvmfs/atlas.cern.ch/repo/sw/software/21.2/AnalysisBaseExternals/21.2.97/InstallArea/x86_64-centos7-gcc8-opt/include/eigen3
AnalysisBaseExternals_VERSION=21.2.97
ALRB_testPath=,,,,,,,,
MAKEFLAGS=-j1 QUICK=1 -l1
TMPDIR=/srv
ALRB_SHELL=bash
LHAPATH=/cvmfs/atlas.cern.ch/repo/sw/software/21.2/AnalysisBase/21.2.97/InstallArea/x86_64-centos7-gcc8-opt/../../../../AnalysisBaseExternals/21.2.97/InstallArea/x86_64-centos7-gcc8-opt/share/LHAPDF:/cvmfs/sft.cern.ch/lcg/external/lhapdfsets/current
ALRB_CONT_STARTCMD=singularity  exec  -C -e  -H /home/gridpools/atlaspilot0071/home_cream_240061812/.alrb/container/singularity/home.FlUwia:/alrb -B /cvmfs:/cvmfs -B /home/gridpools/atlaspilot0071:/home -B /home/gridpools/atlaspilot0071/home_cream_240061812/tmp/atlas_uE9lVgxr/PanDA_Pilot-4821644317:/srv /cvmfs/atlas.cern.ch/repo/containers/fs/singularity/x86_64-centos7 /alrb/.bashrc
LD_PRELOAD=/srv/workDir/365d2ab3-3655-4d4a-96e8-4240a814db4f/$LIB/wrapper.so
LHAPDF_DATA_PATH=/cvmfs/atlas.cern.ch/repo/sw/software/21.2/AnalysisBase/21.2.97/InstallArea/x86_64-centos7-gcc8-opt/../../../../AnalysisBaseExternals/21.2.97/InstallArea/x86_64-centos7-gcc8-opt/share/LHAPDF:/cvmfs/sft.cern.ch/lcg/external/lhapdfsets/current
ALRB_CONT_SWTYPE=singularity
ALRB_clientShell=bash
ALRB_CONT_SETUPATLASOPT=centos7
ATLAS_LOCAL_SETUP_OPTIONS=
AtlasReleaseType=stable
AtlasProject=AnalysisBase
ALRB_useGridSW=emi
X509_CERT_DIR=/cvmfs/atlas.cern.ch/repo/ATLASLocalRootBase/etc/grid-security-emi/certificates
SITEROOT=/cvmfs/atlas.cern.ch/repo/sw/software/21.2
AtlasArea=/cvmfs/atlas.cern.ch/repo/sw/software/21.2/AnalysisBase/21.2.97
AtlasSetupStatus=0
ROOT_TTREECACHE_SIZE=1
ALRB_CONT_CONDUCT=,,
VIEWSDIR=/cvmfs/sft.cern.ch/lcg/views
LC_ALL=C
UMD_REL_VER=4.1.3-1.el7.centos
ALRB_SFT_LCG=/cvmfs/sft.cern.ch/lcg
TDAQ_RELEASE_BASE=/cvmfs/atlas.cern.ch/repo/sw/software/21.2
CALIBPATH=/cvmfs/atlas.cern.ch/repo/sw/software/21.2/AnalysisBase/21.2.97/InstallArea/x86_64-centos7-gcc8-opt/data:/cvmfs/atlas.cern.ch/repo/sw/software/21.2/AnalysisBase/21.2.97/InstallArea/x86_64-centos7-gcc8-opt/share:/cvmfs/atlas.cern.ch/repo/sw/software/21.2/AnalysisBaseExternals/21.2.97/InstallArea/x86_64-centos7-gcc8-opt/data:/cvmfs/atlas.cern.ch/repo/sw/software/21.2/AnalysisBaseExternals/21.2.97/InstallArea/x86_64-centos7-gcc8-opt/share:/sw/DbData/GroupData:/cvmfs/atlas.cern.ch/repo/sw/database/GroupData:/eos/atlas/atlascerngroupdisk/asg-calib:/afs/cern.ch/atlas/www/GROUPS/DATABASE/GroupData:http//cern.ch/atlas-groupdata:http//atlas.web.cern.ch/Atlas/GROUPS/DATABASE/GroupData
USER=atlaspilot0071
JOBOPTSEARCHPATH=.:/cvmfs/atlas.cern.ch/repo/sw/software/21.2/AnalysisBase/21.2.97/InstallArea/x86_64-centos7-gcc8-opt/jobOptions:/cvmfs/atlas.cern.ch/repo/sw/software/21.2/AnalysisBaseExternals/21.2.97/InstallArea/x86_64-centos7-gcc8-opt/jobOptions
PanDA_AttemptNr=1
LD_LIBRARY_PATH=/cvmfs/atlas.cern.ch/repo/sw/software/21.2/AnalysisBase/21.2.97/InstallArea/x86_64-centos7-gcc8-opt/lib:/cvmfs/atlas.cern.ch/repo/sw/software/21.2/AnalysisBaseExternals/21.2.97/InstallArea/x86_64-centos7-gcc8-opt/lib:/cvmfs/atlas.cern.ch/repo/sw/software/21.2/AnalysisBaseExternals/21.2.97/InstallArea/x86_64-centos7-gcc8-opt/lib64:/cvmfs/atlas.cern.ch/repo/sw/software/21.2/sw/lcg/releases/gcc/8.3.0-cebb0/x86_64-centos7/lib:/cvmfs/atlas.cern.ch/repo/sw/software/21.2/sw/lcg/releases/gcc/8.3.0-cebb0/x86_64-centos7/lib64:/cvmfs/atlas.cern.ch/repo/sw/software/21.2/sw/lcg/releases/binutils/2.30-e5b21/x86_64-centos7/lib:/.singularity.d/libs
ALRB_CONT_RUNPAYLOAD=/srv/container_script.sh
CMTCONFIG=x86_64-centos7-gcc8-opt
ALRB_RHVER=7
ROOTCORE_TEST_DATA=/cvmfs/atlas-nightlies.cern.ch/repo/data/data-art/CommonInputs/DAOD_PHYSVAL
ATLAS_LOCAL_ROOT_BASE=/cvmfs/atlas.cern.ch/repo/ATLASLocalRootBase
ALRB_SCRATCH=/home/home_cream_240061812/.alrb
ASETUP_PPID=2
AnalysisBase_VERSION=21.2.97
SINGULARITY_NAME=centos7-20200331154445-ef4785a817769a6cef01327f5f0a1b94b839627cd2153fcacf98e897a4111614
ENV=/alrb/.bashrc
ALRB_printHelpMain=
GFORTRAN_TMPDIR=/srv
CMTUSERCONTEXT=/cvmfs/atlas.cern.ch/repo/tools/slc6/cmt
CMAKE_NO_VERBOSE=1
ALRB_cvmfs_Athena=/cvmfs/atlas.cern.ch/repo/sw/software
ALRB_CONT_REALHOME=/home/home_cream_240061812
AtlasSetup=/cvmfs/atlas.cern.ch/repo/ATLASLocalRootBase/x86_64/AtlasSetup/V02-00-14/AtlasSetup
FRONTIER_ID=[22406580_4821644317]
ATLAS_LOCAL_RCSETUP_VERSION=00-04-18
ATLAS_LOCAL_ASETUP_PATH=/cvmfs/atlas.cern.ch/repo/ATLASLocalRootBase/x86_64/AtlasSetup/V02-00-14
FRONTIER_LOG_LEVEL=warning
ALRB_CONT_IMAGE=singularity 2.6.1 /cvmfs/atlas.cern.ch/repo/containers/fs/singularity/x86_64-centos7
ALRB_RELOCATECVMFS=NO
ALRB_availableTools= acm adctools agis art asetup atlantis boost cmake cppcheck davix dcube eiclient emi fax fftw ganga gcc gccxml git gitlab gsl hdf5 lcgenv pacman panda png pod prmon pyami python rcsetup root rucio sft swmgr tbb views xcache xrootd
PATH=.:/home/home_cream_240061812/tmp/.asetup-sysbin-Hps1LL_2:/cvmfs/atlas.cern.ch/repo/sw/software/21.2/AnalysisBase/21.2.97/InstallArea/x86_64-centos7-gcc8-opt/share:/cvmfs/atlas.cern.ch/repo/sw/software/21.2/AnalysisBase/21.2.97/InstallArea/x86_64-centos7-gcc8-opt/bin:/cvmfs/atlas.cern.ch/repo/sw/software/21.2/AnalysisBaseExternals/21.2.97/InstallArea/x86_64-centos7-gcc8-opt/share:/cvmfs/atlas.cern.ch/repo/sw/software/21.2/AnalysisBaseExternals/21.2.97/InstallArea/x86_64-centos7-gcc8-opt/bin:/cvmfs/atlas.cern.ch/repo/ATLASLocalRootBase/x86_64/Cmake/3.14.3/Linux-x86_64/bin:/cvmfs/atlas.cern.ch/repo/sw/software/21.2/sw/lcg/releases/gcc/8.3.0-cebb0/x86_64-centos7/bin:/cvmfs/atlas.cern.ch/repo/sw/software/21.2/sw/lcg/releases/binutils/2.30-e5b21/x86_64-centos7/bin:/usr/local/sbin:/usr/local/bin:/usr/sbin:/usr/bin:/sbin:/bin:/cvmfs/atlas.cern.ch/repo/ATLASLocalRootBase/containerUtils
ALRB_CONT_REALTMPDIR=/home/home_cream_240061812/tmp
ASETUP_SYSBIN=/home/home_cream_240061812/tmp/.asetup-sysbin-Hps1LL_2
ROOTCORE_RELEASE_SERIES=25
CDATE_DOCKER=20200109173804
ALRB_OSMAJORVER=7
ALRB_infoProc=model name	: Intel(R) Xeon(R) CPU E5-2630 0 @ 2.30GHz
AtlasSetupSiteCMake=/cvmfs/atlas.cern.ch/repo/ATLASLocalRootBase/x86_64/AtlasSetup/.configCMake/.asetup.site
ALRB_cvmfs_condb_repo=/cvmfs/atlas-condb.cern.ch/repo
ALRB_OSTYPE=Linux
PWD=/srv/workDir
ALRB_CONT_CMDOPTS= -C
PANDA_PRELOAD=/srv/workDir/365d2ab3-3655-4d4a-96e8-4240a814db4f/$LIB/wrapper.so
ALRB_CONT_SETUPFILE=/srv/my_release_setup.sh
AtlasVersion=21.2.97
LANG=C
ALRB_CONT_HOSTDUMMYHOME=/home/gridpools/atlaspilot0071/home_cream_240061812/.alrb/container/singularity/home.FlUwia
ALRB_cvmfs_nightly_repo=/cvmfs/atlas-nightlies.cern.ch/repo
ALRB_allowSL6onSL5=NO
ALRB_tmpScratch=/home/home_cream_240061812/tmp/atlaspilot0071/.alrb
ALRB_requestedVersions=cmake:3.14.3  rcsetup:00-04-18  acm:0.1.20 asetup:V02-00-14  
ATLAS_LOCAL_ASETUP_VERSION=V02-00-14
ROOTCORE_TEST_FILE=/cvmfs/atlas-nightlies.cern.ch/repo/data/data-art/CommonInputs/DAOD_PHYSVAL/mc16_13TeV.410501.PowhegPythia8EvtGen_A14_ttbar_hdamp258p75_nonallhad.DAOD_PHYSVAL.e5458_s3126_r9364_r9315_AthDerivation-21.2.1.0.root
DATAPATH=/cvmfs/atlas.cern.ch/repo/sw/software/21.2/AnalysisBase/21.2.97/InstallArea/x86_64-centos7-gcc8-opt/data:/cvmfs/atlas.cern.ch/repo/sw/software/21.2/AnalysisBase/21.2.97/InstallArea/x86_64-centos7-gcc8-opt/share:/cvmfs/atlas.cern.ch/repo/sw/software/21.2/AnalysisBaseExternals/21.2.97/InstallArea/x86_64-centos7-gcc8-opt/data:/cvmfs/atlas.cern.ch/repo/sw/software/21.2/AnalysisBaseExternals/21.2.97/InstallArea/x86_64-centos7-gcc8-opt/share:/cvmfs/atlas-nightlies.cern.ch/repo/data/data-art
TRF_EXEC_HOME_DIR=/srv
ALRB_CONT_CHANGEPWD=/srv
TZ=/alrb/localtime
ALRB_infoUname=Linux n118.t1.grid.kiae.ru 3.10.0-957.12.2.el7.x86_64 #1 SMP Tue May 14 21:24:32 UTC 2019 x86_64 x86_64 x86_64 GNU/Linux
XMLPATH=/cvmfs/atlas.cern.ch/repo/sw/software/21.2/AnalysisBase/21.2.97/InstallArea/x86_64-centos7-gcc8-opt/XML:/cvmfs/atlas.cern.ch/repo/sw/software/21.2/AnalysisBaseExternals/21.2.97/InstallArea/x86_64-centos7-gcc8-opt/XML
PandaID=4821644317
CDATE_SINGULARITY=20200331154445
AnalysisBaseExternals_DIR=/cvmfs/atlas.cern.ch/repo/sw/software/21.2/AnalysisBaseExternals/21.2.97/InstallArea/x86_64-centos7-gcc8-opt
PYTHONHOME=/cvmfs/atlas.cern.ch/repo/sw/software/21.2/AnalysisBase/21.2.97/InstallArea/x86_64-centos7-gcc8-opt/../../../../AnalysisBaseExternals/21.2.97/InstallArea/x86_64-centos7-gcc8-opt
ATLAS_POOLCOND_PATH=/cvmfs/atlas-condb.cern.ch/repo/conditions
AnalysisBaseExternals_EXTONLY_SET_UP=1
ALRB_gridType=none
ALRB_availableToolsPost= advanced diagnostics helpme printmenu showversions
CXX=/cvmfs/atlas.cern.ch/repo/sw/software/21.2/sw/lcg/releases/gcc/8.3.0-cebb0/x86_64-centos7/bin/g++
GAUDI_ROOT=/cvmfs/atlas.cern.ch/repo/sw/software/21.2/GAUDI/21.2.97/InstallArea/x86_64-centos7-gcc8-opt
ROOTSYS=/cvmfs/atlas.cern.ch/repo/sw/software/21.2/AnalysisBase/21.2.97/InstallArea/x86_64-centos7-gcc8-opt/../../../../AnalysisBaseExternals/21.2.97/InstallArea/x86_64-centos7-gcc8-opt
SSL_CERT_DIR=/cvmfs/atlas.cern.ch/repo/ATLASLocalRootBase/etc/grid-security-emi/certificates
SHLVL=3
HOME=/home/home_cream_240061812
ALRB_CONT_DUMMYHOME=/alrb
ALRB_cvmfs_sft_repo=/cvmfs/sft.cern.ch/lcg
ALRB_SFT_LCGEXT_MAP=/cvmfs/sft.cern.ch/lcg/mapfile.txt
ATLAS_LOCAL_RCSETUP_PATH=/cvmfs/atlas.cern.ch/repo/ATLASLocalRootBase/x86_64/rcSetup/00-04-18
GFORTRAN_UNBUFFERED_ALL=y
ALRB_CONT_SED2CONT= -e 's|/home/gridpools/atlaspilot0071/home_cream_240061812/.alrb/container/singularity/home.FlUwia|/alrb|g' -e 's|/home/gridpools/atlaspilot0071|/home|g' -e 's|/home/gridpools/atlaspilot0071/home_cream_240061812/tmp/atlas_uE9lVgxr/PanDA_Pilot-4821644317|/srv|g'
X509_USER_PROXY=/alrb/cream_240061812.proxy
ALRB_ACM_PATH=/cvmfs/atlas.cern.ch/repo/ATLASLocalRootBase/x86_64/acm/0.1.20/acm
AtlasBuildBranch=21.2
AnalysisBaseExternals_PLATFORM=x86_64-centos7-gcc8-opt
rcSetup=/cvmfs/atlas.cern.ch/repo/ATLASLocalRootBase/x86_64/rcSetup/00-04-18
ALRB_CONT_HOSTOS=Linux
FC=/cvmfs/atlas.cern.ch/repo/sw/software/21.2/sw/lcg/releases/gcc/8.3.0-cebb0/x86_64-centos7/bin/gfortran
ATLAS_RELEASE_BASE=/cvmfs/atlas.cern.ch/repo/sw/software/21.2
DYLD_LIBRARY_PATH=/cvmfs/atlas.cern.ch/repo/sw/software/21.2/AnalysisBase/21.2.97/InstallArea/x86_64-centos7-gcc8-opt/lib:/cvmfs/atlas.cern.ch/repo/sw/software/21.2/AnalysisBaseExternals/21.2.97/InstallArea/x86_64-centos7-gcc8-opt/lib
INDS=mc16_13TeV.308093.Sherpa_221_NNPDF30NNLO_Zmm2jets_Min_N_TChannel.deriv.DAOD_SUSY2.e5767_e5984_s3126_r10724_r10726_p3875
RUCIO_ACCOUNT=pilot
ASETUP_ENVFILE=/home/home_cream_240061812/tmp/.envBefore_asetup.sh-WwDnCd_2
ROOTCOREDIR=/cvmfs/atlas.cern.ch/repo/sw/software/21.2/AnalysisBase/21.2.97/InstallArea/x86_64-centos7-gcc8-opt
ALRB_USER_PLATFORM=centos7+/cvmfs/atlas.cern.ch/repo/containers/fs/singularity/x86_64-centos7
PYTHONPATH=/cvmfs/atlas.cern.ch/repo/sw/software/21.2/AnalysisBase/21.2.97/InstallArea/x86_64-centos7-gcc8-opt/python:/cvmfs/atlas.cern.ch/repo/sw/software/21.2/AnalysisBase/21.2.97/InstallArea/x86_64-centos7-gcc8-opt/lib:/cvmfs/atlas.cern.ch/repo/sw/software/21.2/AnalysisBaseExternals/21.2.97/InstallArea/x86_64-centos7-gcc8-opt/python:/cvmfs/atlas.cern.ch/repo/sw/software/21.2/AnalysisBaseExternals/21.2.97/InstallArea/x86_64-centos7-gcc8-opt/lib:/usr/lib/python2.7/site-packages:/cvmfs/atlas.cern.ch/repo/sw/software/21.2/AnalysisBaseExternals/21.2.97/InstallArea/x86_64-centos7-gcc8-opt/lib/python2.7/site-packages:/cvmfs/atlas.cern.ch/repo/sw/software/21.2/AnalysisBase/21.2.97/InstallArea/x86_64-centos7-gcc8-opt/../../../../AnalysisBaseExternals/21.2.97/InstallArea/x86_64-centos7-gcc8-opt/python:/usr/lib64/python2.7/site-packages
ALRB_RELOCATEALRB=NO
ATLAS_LOCAL_CMAKE_VERSION=3.14.3
AtlasBuildStamp=2019-10-31T0347
ROOTCORE_NCPUS=1
PANDA_RESOURCE=RRC-KI-T1
ATLAS_LOCAL_ROOT_ARCH=x86_64
COMPILER_PATH=/cvmfs/atlas.cern.ch/repo/sw/software/21.2/sw/lcg/releases/gcc/8.3.0-cebb0/x86_64-centos7
ATLAS_RELEASEDATA=/cvmfs/atlas.cern.ch/repo/sw/software/21.2/atlas/offline/ReleaseData
TestArea=/srv/workDir
LCG_RELEASE_BASE=/cvmfs/atlas.cern.ch/repo/sw/software/21.2/sw/lcg/releases
AnalysisBase_SET_UP=1
AnalysisBaseExternals_RELONLY_SET_UP=1
RUCIO_APPID=panda-client-1.4.34-jedi-run
SINGULARITY_CONTAINER=centos7-20200331154445-ef4785a817769a6cef01327f5f0a1b94b839627cd2153fcacf98e897a4111614
ALRB_cvmfs_ALRB=/cvmfs/atlas.cern.ch/repo/ATLASLocalRootBase
ALRB_motdExclusions=
AnalysisBase_PLATFORM=x86_64-centos7-gcc8-opt
ALRB_cvmfs_unpacked_repo=/cvmfs/unpacked.cern.ch
BINARY_TAG=x86_64-centos7-gcc8-opt
CC=/cvmfs/atlas.cern.ch/repo/sw/software/21.2/sw/lcg/releases/gcc/8.3.0-cebb0/x86_64-centos7/bin/gcc
ASG_TEST_FILE_DATA=/cvmfs/atlas-nightlies.cern.ch/repo/data/data-art/CommonInputs/DAOD_PHYSVAL/data16_13TeV.00311321.physics_Main.DAOD_PHYSVAL.r9264_AthDerivation-21.2.1.0.root
ASG_TEST_FILE_MC=/cvmfs/atlas-nightlies.cern.ch/repo/data/data-art/CommonInputs/DAOD_PHYSVAL/mc16_13TeV.410501.PowhegPythia8EvtGen_A14_ttbar_hdamp258p75_nonallhad.DAOD_PHYSVAL.e5458_s3126_r9364_r9315_AthDerivation-21.2.1.0.root
CMAKE_PREFIX_PATH=/cvmfs/atlas.cern.ch/repo/sw/software/21.2/AnalysisBase/21.2.97/InstallArea/x86_64-centos7-gcc8-opt:/cvmfs/atlas.cern.ch/repo/sw/software/21.2/AnalysisBaseExternals/21.2.97/InstallArea/x86_64-centos7-gcc8-opt
PanDA_TaskID=22406580
FRONTIER_SERVER=(serverurl=http://ccfrontier.in2p3.fr:23128/ccin2p3-AtlasFrontier)(serverurl=http://ccfrontier01.in2p3.fr:23128/ccin2p3-AtlasFrontier)(serverurl=http://ccfrontier02.in2p3.fr:23128/ccin2p3-AtlasFrontier)(serverurl=http://ccfrontier03.in2p3.fr:23128/ccin2p3-AtlasFrontier)(serverurl=http://ccfrontier05.in2p3.fr:23128/ccin2p3-AtlasFrontier)(serverurl=http://atlasfrontier-ai.cern.ch:8000/atlr)(serverurl=http://atlasfrontier2-ai.cern.ch:8000/atlr)(serverurl=http://atlasfrontier1-ai.cern.ch:8000/atlr)(proxyurl=http://ch.t1.grid.kiae.ru:3128)(proxyurl=http://ch1.t1.grid.kiae.ru:3128)(proxyurl=http://ch2.t1.grid.kiae.ru:3128)(proxyurl=http://atlasbpfrontier.cern.ch:3127)(proxyurl=http://atlasbpfrontier.fnal.gov:3127)
AtlasBaseDir=/cvmfs/atlas.cern.ch/repo/sw/software/21.2
CMSSW_VERSION=[22406580_4821644317]
ATLAS_LOCAL_ROOT=/cvmfs/atlas.cern.ch/repo/ATLASLocalRootBase/x86_64
ROOTCOREBIN=/cvmfs/atlas.cern.ch/repo/sw/software/21.2/AnalysisBase/21.2.97/InstallArea/x86_64-centos7-gcc8-opt
ALRB_CONT_IMAGESINGULARITY=/cvmfs/atlas.cern.ch/repo/containers/fs/singularity/x86_64-centos7
SITE_NAME=RRC-KI-T1
ALRB_sedExclusions=
AnalysisBase_DIR=/cvmfs/atlas.cern.ch/repo/sw/software/21.2/AnalysisBase/21.2.97/InstallArea/x86_64-centos7-gcc8-opt
ALRB_cvmfs_repo=/cvmfs/atlas.cern.ch/repo
ALRB_containerType=atlas-default
ALRB_availableToolsPre= lsetup
_=/usr/bin/env

=== ls . ===
total 48
drwxr-xr-x 4 atlaspilot0071 atlaspilot 4096 Aug 22 00:30 365d2ab3-3655-4d4a-96e8-4240a814db4f
-rw-r--r-- 1 atlaspilot0071 atlaspilot 1964 Aug 22 00:30 CMakeLists.txt
drwxr-xr-x 4 atlaspilot0071 atlaspilot 4096 Aug 22 00:30 build
-rw-r--r-- 1 atlaspilot0071 atlaspilot   84 Aug 22 00:30 compile.sh
-rw-r--r-- 1 atlaspilot0071 atlaspilot  216 Aug 22 00:30 outfilename.h
-rwxr-xr-x 1 atlaspilot0071 atlaspilot  207 Aug 22 00:30 setup_env.sh
drwxr-xr-x 4 atlaspilot0071 atlaspilot 4096 Aug 22 00:30 src
-rw-r--r-- 1 atlaspilot0071 atlaspilot  805 Aug 22 00:30 submit-to-grid.sh
-rw-r--r-- 1 atlaspilot0071 atlaspilot  506 Aug 22 00:30 user.cfan.RNN.308093.2020-08-21-23-21.log
-rw-r--r-- 1 atlaspilot0071 atlaspilot  665 Aug 22 00:30 user.cfan.RNN.361106.2020-08-21-23-21.log
-rw-r--r-- 1 atlaspilot0071 atlaspilot 6152 Aug 22 00:30 wrapper.o

=== execute ===
export TestArea=/srv/workDir; export PANDA_PRELOAD=/srv/workDir/365d2ab3-3655-4d4a-96e8-4240a814db4f/'$LIB'/wrapper.so${LD_PRELOAD:+:$LD_PRELOAD}; export LD_PRELOAD=/srv/workDir/365d2ab3-3655-4d4a-96e8-4240a814db4f/'$LIB'/wrapper.so${LD_PRELOAD:+:$LD_PRELOAD}; cat trf.8c2c6c1e-9237-47f7-bbf4-0ee0128adecb.py;python -u trf.8c2c6c1e-9237-47f7-bbf4-0ee0128adecb.py
import os,sys
status=os.system(r""" ./build/x*/bin/SampleMaker root://sdrm.t1.grid.kiae.ru:1094//t1.grid.kiae.ru/data/atlas/atlasdatadisk/rucio/mc16_13TeV/6a/d4/DAOD_SUSY2.18255207._000001.pool.root.1,root://sdrm.t1.grid.kiae.ru:1094//t1.grid.kiae.ru/data/atlas/atlasdatadisk/rucio/mc16_13TeV/17/8d/DAOD_SUSY2.18255207._000002.pool.root.1,root://sdrm.t1.grid.kiae.ru:1094//t1.grid.kiae.ru/data/atlas/atlasdatadisk/rucio/mc16_13TeV/1f/3f/DAOD_SUSY2.18255207._000003.pool.root.1,root://sdrm.t1.grid.kiae.ru:1094//t1.grid.kiae.ru/data/atlas/atlasdatadisk/rucio/mc16_13TeV/af/c7/DAOD_SUSY2.18255207._000004.pool.root.1,root://sdrm.t1.grid.kiae.ru:1094//t1.grid.kiae.ru/data/atlas/atlasdatadisk/rucio/mc16_13TeV/f3/90/DAOD_SUSY2.18255207._000005.pool.root.1,root://sdrm.t1.grid.kiae.ru:1094//t1.grid.kiae.ru/data/atlas/atlasdatadisk/rucio/mc16_13TeV/8b/bc/DAOD_SUSY2.18255207._000006.pool.root.1,root://sdrm.t1.grid.kiae.ru:1094//t1.grid.kiae.ru/data/atlas/atlasdatadisk/rucio/mc16_13TeV/45/81/DAOD_SUSY2.18255207._000007.pool.root.1,root://sdrm.t1.grid.kiae.ru:1094//t1.grid.kiae.ru/data/atlas/atlasdatadisk/rucio/mc16_13TeV/fd/a3/DAOD_SUSY2.18255207._000008.pool.root.1,root://sdrm.t1.grid.kiae.ru:1094//t1.grid.kiae.ru/data/atlas/atlasdatadisk/rucio/mc16_13TeV/03/ec/DAOD_SUSY2.18255207._000009.pool.root.1,root://sdrm.t1.grid.kiae.ru:1094//t1.grid.kiae.ru/data/atlas/atlasdatadisk/rucio/mc16_13TeV/cc/a1/DAOD_SUSY2.18255207._000010.pool.root.1,root://sdrm.t1.grid.kiae.ru:1094//t1.grid.kiae.ru/data/atlas/atlasdatadisk/rucio/mc16_13TeV/4a/31/DAOD_SUSY2.18255207._000015.pool.root.1,root://sdrm.t1.grid.kiae.ru:1094//t1.grid.kiae.ru/data/atlas/atlasdatadisk/rucio/mc16_13TeV/19/22/DAOD_SUSY2.18255207._000016.pool.root.1,root://sdrm.t1.grid.kiae.ru:1094//t1.grid.kiae.ru/data/atlas/atlasdatadisk/rucio/mc16_13TeV/db/68/DAOD_SUSY2.18255207._000017.pool.root.1,root://sdrm.t1.grid.kiae.ru:1094//t1.grid.kiae.ru/data/atlas/atlasdatadisk/rucio/mc16_13TeV/b5/54/DAOD_SUSY2.18255207._000019.pool.root.1,root://sdrm.t1.grid.kiae.ru:1094//t1.grid.kiae.ru/data/atlas/atlasdatadisk/rucio/mc16_13TeV/4b/3f/DAOD_SUSY2.18255207._000020.pool.root.1,root://sdrm.t1.grid.kiae.ru:1094//t1.grid.kiae.ru/data/atlas/atlasdatadisk/rucio/mc16_13TeV/72/18/DAOD_SUSY2.18255207._000021.pool.root.1,root://sdrm.t1.grid.kiae.ru:1094//t1.grid.kiae.ru/data/atlas/atlasdatadisk/rucio/mc16_13TeV/99/69/DAOD_SUSY2.18255207._000022.pool.root.1""")
status %= 255
sys.exit(status)


Reading input files
Opened file: root://sdrm.t1.grid.kiae.ru:1094//t1.grid.kiae.ru/data/atlas/atlasdatadisk/rucio/mc16_13TeV/6a/d4/DAOD_SUSY2.18255207._000001.pool.root.1,root://sdrm.t1.grid.kiae.ru:1094//t1.grid.kiae.ru/data/atlas/atlasdatadisk/rucio/mc16_13TeV/17/8d/DAOD_SUSY2.18255207._000002.pool.root.1,root://sdrm.t1.grid.kiae.ru:1094//t1.grid.kiae.ru/data/atlas/atlasdatadisk/rucio/mc16_13TeV/1f/3f/DAOD_SUSY2.18255207._000003.pool.root.1,root://sdrm.t1.grid.kiae.ru:1094//t1.grid.kiae.ru/data/atlas/atlasdatadisk/rucio/mc16_13TeV/af/c7/DAOD_SUSY2.18255207._000004.pool.root.1,root://sdrm.t1.grid.kiae.ru:1094//t1.grid.kiae.ru/data/atlas/atlasdatadisk/rucio/mc16_13TeV/f3/90/DAOD_SUSY2.18255207._000005.pool.root.1,root://sdrm.t1.grid.kiae.ru:1094//t1.grid.kiae.ru/data/atlas/atlasdatadisk/rucio/mc16_13TeV/8b/bc/DAOD_SUSY2.18255207._000006.pool.root.1,root://sdrm.t1.grid.kiae.ru:1094//t1.grid.kiae.ru/data/atlas/atlasdatadisk/rucio/mc16_13TeV/45/81/DAOD_SUSY2.18255207._000007.pool.root.1,root://sdrm.t1.grid.kiae.ru:1094//t1.grid.kiae.ru/data/atlas/atlasdatadisk/rucio/mc16_13TeV/fd/a3/DAOD_SUSY2.18255207._000008.pool.root.1,root://sdrm.t1.grid.kiae.ru:1094//t1.grid.kiae.ru/data/atlas/atlasdatadisk/rucio/mc16_13TeV/03/ec/DAOD_SUSY2.18255207._000009.pool.root.1,root://sdrm.t1.grid.kiae.ru:1094//t1.grid.kiae.ru/data/atlas/atlasdatadisk/rucio/mc16_13TeV/cc/a1/DAOD_SUSY2.18255207._000010.pool.root.1,root://sdrm.t1.grid.kiae.ru:1094//t1.grid.kiae.ru/data/atlas/atlasdatadisk/rucio/mc16_13TeV/4a/31/DAOD_SUSY2.18255207._000015.pool.root.1,root://sdrm.t1.grid.kiae.ru:1094//t1.grid.kiae.ru/data/atlas/atlasdatadisk/rucio/mc16_13TeV/19/22/DAOD_SUSY2.18255207._000016.pool.root.1,root://sdrm.t1.grid.kiae.ru:1094//t1.grid.kiae.ru/data/atlas/atlasdatadisk/rucio/mc16_13TeV/db/68/DAOD_SUSY2.18255207._000017.pool.root.1,root://sdrm.t1.grid.kiae.ru:1094//t1.grid.kiae.ru/data/atlas/atlasdatadisk/rucio/mc16_13TeV/b5/54/DAOD_SUSY2.18255207._000019.pool.root.1,root://sdrm.t1.grid.kiae.ru:1094//t1.grid.kiae.ru/data/atlas/atlasdatadisk/rucio/mc16_13TeV/4b/3f/DAOD_SUSY2.18255207._000020.pool.root.1,root://sdrm.t1.grid.kiae.ru:1094//t1.grid.kiae.ru/data/atlas/atlasdatadisk/rucio/mc16_13TeV/72/18/DAOD_SUSY2.18255207._000021.pool.root.1,root://sdrm.t1.grid.kiae.ru:1094//t1.grid.kiae.ru/data/atlas/atlasdatadisk/rucio/mc16_13TeV/99/69/DAOD_SUSY2.18255207._000022.pool.root.1
xAOD::Init                INFO    Environment initialised for data access
TNetXNGFile::Open         ERROR   [ERROR] Server responded with an error: [3011] No such file

xAOD::TEvent::readFrom    ERROR   /build/atnight/localbuilds/nightlies/21.2/athena/Control/xAODRootAccess/Root/TEvent.cxx:540 Couldn't open file root://sdrm.t1.grid.kiae.ru:1094//t1.grid.kiae.ru/data/atlas/atlasdatadisk/rucio/mc16_13TeV/6a/d4/DAOD_SUSY2.18255207._000001.pool.root.1,root://sdrm.t1.grid.kiae.ru:1094//t1.grid.kiae.ru/data/atlas/atlasdatadisk/rucio/mc16_13TeV/17/8d/DAOD_SUSY2.18255207._000002.pool.root.1,root://sdrm.t1.grid.kiae.ru:1094//t1.grid.kiae.ru/data/atlas/atlasdatadisk/rucio/mc16_13TeV/1f/3f/DAOD_SUSY2.18255207._000003.pool.root.1,root://sdrm.t1.grid.kiae.ru:1094//t1.grid.kiae.ru/data/atlas/atlasdatadisk/rucio/mc16_13TeV/af/c7/DAOD_SUSY2.18255207._000004.pool.root.1,root://sdrm.t1.grid.kiae.ru:1094//t1.grid.kiae.ru/data/atlas/atlasdatadisk/rucio/mc16_13TeV/f3/90/DAOD_SUSY2.18255207._000005.pool.root.1,root://sdrm.t1.grid.kiae.ru:1094//t1.grid.kiae.ru/data/atlas/atlasdatadisk/rucio/mc16_13TeV/8b/bc/DAOD_SUSY2.18255207._000006.pool.root.1,root://sdrm.t1.grid.kiae.ru:1094//t1.grid.kiae.ru/data/atlas/atlasdatadisk/rucio/mc16_13TeV/45/81/DAOD_SUSY2.18255207._000007.pool.root.1,root://sdrm.t1.grid.kiae.ru:1094//t1.grid.kiae.ru/data/atlas/atlasdatadisk/rucio/mc16_13TeV/fd/a3/DAOD_SUSY2.18255207._000008.pool.root.1,root://sdrm.t1.grid.kiae.ru:1094//t1.grid.kiae.ru/data/atlas/atlasdatadisk/rucio/mc16_13TeV/03/ec/DAOD_SUSY2.18255207._000009.pool.root.1,root://sdrm.t1.grid.kiae.ru:1094//t1.grid.kiae.ru/data/atlas/atlasdatadisk/rucio/mc16_13TeV/cc/a1/DAOD_SUSY2.18255207._000010.pool.root.1,root://sdrm.t1.grid.kiae.ru:1094//t1.grid.kiae.ru/data/atlas/atlasdatadisk/rucio/mc16_13TeV/4a/31/DAOD_SUSY2.18255207._000015.pool.root.1,root://sdrm.t1.grid.kiae.ru:1094//t1.grid.kiae.ru/data/atlas/atlasdatadisk/rucio/mc16_13TeV/19/22/DAOD_SUSY2.18255207._000016.pool.root.1,root://sdrm.t1.grid.kiae.ru:1094//t1.grid.kiae.ru/data/atlas/atlasdatadisk/rucio/mc16_13TeV/db/68/DAOD_SUSY2.18255207._000017.pool.root.1,root://sdrm.t1.grid.kiae.ru:1094//t1.grid.kiae.ru/data/atlas/atlasdatadisk/rucio/mc16_13TeV/b5/54/DAOD_SUSY2.18255207._000019.pool.root.1,root://sdrm.t1.grid.kiae.ru:1094//t1.grid.kiae.ru/data/atlas/atlasdatadisk/rucio/mc16_13TeV/4b/3f/DAOD_SUSY2.18255207._000020.pool.root.1,root://sdrm.t1.grid.kiae.ru:1094//t1.grid.kiae.ru/data/atlas/atlasdatadisk/rucio/mc16_13TeV/72/18/DAOD_SUSY2.18255207._000021.pool.root.1,root:
./build/x86_64-centos7... ERROR   /afs/cern.ch/user/c/cfan/LeptonIsolation/SamplePrep/SampleMaker/src/SampleMaker.cxx:66 Failed to execute: event.readFrom(inputFileChain)

=== ls in run dir : . ===
total 60
drwxr-xr-x 4 atlaspilot0071 atlaspilot 4096 Aug 22 00:30 365d2ab3-3655-4d4a-96e8-4240a814db4f
-rw-r--r-- 1 atlaspilot0071 atlaspilot 1964 Aug 22 00:30 CMakeLists.txt
drwxr-xr-x 4 atlaspilot0071 atlaspilot 4096 Aug 22 00:30 build
-rw-r--r-- 1 atlaspilot0071 atlaspilot   84 Aug 22 00:30 compile.sh
-rw-r--r-- 1 atlaspilot0071 atlaspilot  216 Aug 22 00:30 outfilename.h
-rwxr-xr-x 1 atlaspilot0071 atlaspilot  207 Aug 22 00:30 setup_env.sh
drwxr-xr-x 4 atlaspilot0071 atlaspilot 4096 Aug 22 00:30 src
-rw-r--r-- 1 atlaspilot0071 atlaspilot  805 Aug 22 00:30 submit-to-grid.sh
-rw-r--r-- 1 atlaspilot0071 atlaspilot    0 Aug 22 00:30 tmp.stderr.1355958a-8f9a-4694-8067-d470d3fb6552
-rw-r--r-- 1 atlaspilot0071 atlaspilot 5079 Aug 22 00:31 tmp.stdout.ee096013-bcb0-4120-9430-a5f0208150dd
-rw-r--r-- 1 atlaspilot0071 atlaspilot 2445 Aug 22 00:30 trf.8c2c6c1e-9237-47f7-bbf4-0ee0128adecb.py
-rw-r--r-- 1 atlaspilot0071 atlaspilot  506 Aug 22 00:30 user.cfan.RNN.308093.2020-08-21-23-21.log
-rw-r--r-- 1 atlaspilot0071 atlaspilot  665 Aug 22 00:30 user.cfan.RNN.361106.2020-08-21-23-21.log
-rw-r--r-- 1 atlaspilot0071 atlaspilot 6152 Aug 22 00:30 wrapper.o


/srv
total 388
-rw-r--r--  1 atlaspilot0071 atlaspilot    163 Aug 22 00:31 PoolFileCatalog.xml
-rwxr-xr-x  1 atlaspilot0071 atlaspilot   1629 Aug 22 00:30 container_script.sh
-rw-r--r--  1 atlaspilot0071 atlaspilot    222 Aug 22 00:30 memory_monitor_output.txt
-rw-r--r--  1 atlaspilot0071 atlaspilot    948 Aug 22 00:30 memory_monitor_summary.json_snapshot
-rw-r--r--  1 atlaspilot0071 atlaspilot    124 Aug 22 00:30 my_release_setup.sh
-rw-r--r--  1 atlaspilot0071 atlaspilot 203849 Aug 22 00:30 panda.0821212238.299856.lib._22406580.21967603957.lib.tgz
-rw-r--r--  1 atlaspilot0071 atlaspilot   1046 Aug 22 00:31 pandatracerlog.txt
drwxr-xr-x  7 atlaspilot0071 atlaspilot   4096 Aug 22 00:30 pandawnutil
-rw-r--r--  1 atlaspilot0071 atlaspilot      0 Aug 22 00:30 payload.stderr
-rw-r--r--  1 atlaspilot0071 atlaspilot  46624 Aug 22 00:31 payload.stdout
lrwxrwxrwx  1 atlaspilot0071 atlaspilot     15 Aug 22 00:29 pilotlog.txt -> ../pilotlog.txt
-rwxr-xr-x  1 atlaspilot0071 atlaspilot  70019 Aug 22 00:30 runGen-00-00-02
-rw-r--r--  1 atlaspilot0071 atlaspilot  23972 Jul 15 14:44 runGen.py
drwxr-xr-x 10 atlaspilot0071 atlaspilot   4096 Aug 22 00:30 src
drwxr-xr-x  5 atlaspilot0071 atlaspilot   4096 Aug 22 00:31 workDir

==== Result ====
execute script: Running script was successful
