Determining if the pthread_create exist failed with the following output:
Change Dir: /afs/cern.ch/user/c/cfan/LeptonIsolation/SamplePrep/SampleMaker/build/CMakeFiles/CMakeTmp

Run Build Command(s):/usr/bin/gmake cmTC_dfe48/fast 
/usr/bin/gmake -f CMakeFiles/cmTC_dfe48.dir/build.make CMakeFiles/cmTC_dfe48.dir/build
gmake[1]: Entering directory `/afs/cern.ch/user/c/cfan/LeptonIsolation/SamplePrep/SampleMaker/build/CMakeFiles/CMakeTmp'
Building C object CMakeFiles/cmTC_dfe48.dir/CheckSymbolExists.c.o
/cvmfs/atlas.cern.ch/repo/sw/software/21.2/sw/lcg/releases/gcc/8.3.0-cebb0/x86_64-centos7/bin/gcc    -o CMakeFiles/cmTC_dfe48.dir/CheckSymbolExists.c.o   -c /afs/cern.ch/user/c/cfan/LeptonIsolation/SamplePrep/SampleMaker/build/CMakeFiles/CMakeTmp/CheckSymbolExists.c
Linking C executable cmTC_dfe48
/cvmfs/atlas.cern.ch/repo/ATLASLocalRootBase/x86_64/Cmake/3.14.3/Linux-x86_64/bin/cmake -E cmake_link_script CMakeFiles/cmTC_dfe48.dir/link.txt --verbose=1
/cvmfs/atlas.cern.ch/repo/sw/software/21.2/sw/lcg/releases/gcc/8.3.0-cebb0/x86_64-centos7/bin/gcc     -Wl,--as-needed -Wl,--hash-style=both  CMakeFiles/cmTC_dfe48.dir/CheckSymbolExists.c.o  -o cmTC_dfe48 
CMakeFiles/cmTC_dfe48.dir/CheckSymbolExists.c.o: In function `main':
CheckSymbolExists.c:(.text+0x16): undefined reference to `pthread_create'
collect2: error: ld returned 1 exit status
gmake[1]: *** [cmTC_dfe48] Error 1
gmake[1]: Leaving directory `/afs/cern.ch/user/c/cfan/LeptonIsolation/SamplePrep/SampleMaker/build/CMakeFiles/CMakeTmp'
gmake: *** [cmTC_dfe48/fast] Error 2

File /afs/cern.ch/user/c/cfan/LeptonIsolation/SamplePrep/SampleMaker/build/CMakeFiles/CMakeTmp/CheckSymbolExists.c:
/* */
#include <pthread.h>

int main(int argc, char** argv)
{
  (void)argv;
#ifndef pthread_create
  return ((int*)(&pthread_create))[argc];
#else
  (void)argc;
  return 0;
#endif
}

